#
# There is insufficient memory for the Java Runtime Environment to continue.
# Native memory allocation (malloc) failed to allocate 738064 bytes for Chunk::new
# Possible reasons:
#   The system is out of physical RAM or swap space
#   In 32 bit mode, the process size limit was hit
# Possible solutions:
#   Reduce memory load on the system
#   Increase physical memory or swap space
#   Check if swap backing store is full
#   Use 64 bit Java on a 64 bit OS
#   Decrease Java heap size (-Xmx/-Xms)
#   Decrease number of Java threads
#   Decrease Java thread stack sizes (-Xss)
#   Set larger code cache with -XX:ReservedCodeCacheSize=
# This output file may be truncated or incomplete.
#
#  Out of Memory Error (allocation.cpp:390), pid=11156, tid=10112
#
# JRE version: Java(TM) SE Runtime Environment (8.0_51-b16) (build 1.8.0_51-b16)
# Java VM: Java HotSpot(TM) 64-Bit Server VM (25.51-b03 mixed mode windows-amd64 compressed oops)
# Failed to write core dump. Minidumps are not enabled by default on client versions of Windows
#

---------------  T H R E A D  ---------------

Current thread (0x00000000146a1000):  JavaThread "C2 CompilerThread0" daemon [_thread_in_native, id=10112, stack(0x0000000015c00000,0x0000000015d00000)]

Stack: [0x0000000015c00000,0x0000000015d00000]
Native frames: (J=compiled Java code, j=interpreted, Vv=VM code, C=native code)
V  [jvm.dll+0x32b4ca]
V  [jvm.dll+0x2797e3]
V  [jvm.dll+0x27a479]
V  [jvm.dll+0x271765]
V  [jvm.dll+0xcba02]
V  [jvm.dll+0xcbecc]
V  [jvm.dll+0x4643d2]
V  [jvm.dll+0x4db655]
V  [jvm.dll+0x4dc257]
V  [jvm.dll+0x46a5e1]
V  [jvm.dll+0x46cde2]
V  [jvm.dll+0x4501a2]
V  [jvm.dll+0xa43a2]
V  [jvm.dll+0xa4cdf]
V  [jvm.dll+0x2418a4]
V  [jvm.dll+0x29846a]
C  [msvcr100.dll+0x21d9f]
C  [msvcr100.dll+0x21e3b]
C  [KERNEL32.DLL+0x1412]
C  [ntdll.dll+0x154f4]


Current CompileTask:
C2:   5363 2092       4       org.apache.xmlbeans.impl.store.Saver::pushMappings (200 bytes)


---------------  P R O C E S S  ---------------

Java Threads: ( => current thread )
  0x00000000177b6800 JavaThread "Keep-Alive-Timer" daemon [_thread_blocked, id=10760, stack(0x0000000019140000,0x0000000019240000)]
  0x00000000177bc800 JavaThread "Exec Stream Pumper" daemon [_thread_in_native, id=10348, stack(0x0000000018f40000,0x0000000019040000)]
  0x0000000017679000 JavaThread "Exec Stream Pumper" daemon [_thread_in_native, id=10060, stack(0x0000000018e40000,0x0000000018f40000)]
  0x000000001760a000 JavaThread "UrlChecker-2" daemon [_thread_blocked, id=10752, stack(0x0000000018d40000,0x0000000018e40000)]
  0x0000000017678800 JavaThread "Exec Default Executor" daemon [_thread_in_native, id=3268, stack(0x0000000018c40000,0x0000000018d40000)]
  0x00000000168bc000 JavaThread "ReaderThread" [_thread_in_native, id=3456, stack(0x00000000170e0000,0x00000000171e0000)]
  0x0000000015f2d800 JavaThread "Service Thread" daemon [_thread_blocked, id=10372, stack(0x0000000016300000,0x0000000016400000)]
  0x00000000146aa000 JavaThread "C1 CompilerThread2" daemon [_thread_blocked, id=8164, stack(0x0000000015e00000,0x0000000015f00000)]
  0x00000000146a9000 JavaThread "C2 CompilerThread1" daemon [_thread_in_native, id=11088, stack(0x0000000015d00000,0x0000000015e00000)]
=>0x00000000146a1000 JavaThread "C2 CompilerThread0" daemon [_thread_in_native, id=10112, stack(0x0000000015c00000,0x0000000015d00000)]
  0x000000001469f800 JavaThread "Attach Listener" daemon [_thread_blocked, id=8104, stack(0x0000000015b00000,0x0000000015c00000)]
  0x000000001469e800 JavaThread "Signal Dispatcher" daemon [_thread_blocked, id=6836, stack(0x0000000015a00000,0x0000000015b00000)]
  0x00000000020ab000 JavaThread "Finalizer" daemon [_thread_blocked, id=9572, stack(0x0000000015900000,0x0000000015a00000)]
  0x00000000020a2000 JavaThread "Reference Handler" daemon [_thread_blocked, id=9552, stack(0x0000000015800000,0x0000000015900000)]
  0x0000000001fb4800 JavaThread "Forwarding findElement on session df2a631ad698c0cf128821a26c34a414 to remote" [_thread_in_native, id=2120, stack(0x0000000001eb0000,0x0000000001fb0000)]

Other Threads:
  0x0000000014667800 VMThread [stack: 0x0000000015700000,0x0000000015800000] [id=10828]
  0x0000000015f36800 WatcherThread [stack: 0x0000000016400000,0x0000000016500000] [id=5228]

VM state:not at safepoint (normal execution)

VM Mutex/Monitor currently owned by a thread: None

Heap:
 PSYoungGen      total 68096K, used 10890K [0x00000000eb300000, 0x00000000ef800000, 0x0000000100000000)
  eden space 65536K, 12% used [0x00000000eb300000,0x00000000ebb29fb0,0x00000000ef300000)
  from space 2560K, 98% used [0x00000000ef580000,0x00000000ef7f8ac8,0x00000000ef800000)
  to   space 2560K, 0% used [0x00000000ef300000,0x00000000ef300000,0x00000000ef580000)
 ParOldGen       total 44032K, used 17592K [0x00000000c1800000, 0x00000000c4300000, 0x00000000eb300000)
  object space 44032K, 39% used [0x00000000c1800000,0x00000000c292e1f8,0x00000000c4300000)
 Metaspace       used 20865K, capacity 21108K, committed 21296K, reserved 1069056K
  class space    used 2612K, capacity 2679K, committed 2688K, reserved 1048576K

Card table byte_map: [0x0000000011470000,0x0000000011670000] byte_map_base: 0x0000000010e64000

Marking Bits: (ParMarkBitMap*) 0x0000000065c84040
 Begin Bits: [0x0000000011bc0000, 0x0000000012b60000)
 End Bits:   [0x0000000012b60000, 0x0000000013b00000)

Polling page: 0x0000000000410000

CodeCache: size=245760Kb used=7152Kb max_used=7152Kb free=238607Kb
 bounds [0x00000000020b0000, 0x00000000027c0000, 0x00000000110b0000]
 total_blobs=2528 nmethods=2108 adapters=332
 compilation: enabled

Compilation events (10 events):
Event: 5.139 Thread 0x00000000146aa000 2102       1       org.apache.xmlbeans.impl.schema.SchemaTypeImpl::getName (5 bytes)
Event: 5.140 Thread 0x00000000146aa000 nmethod 2102 0x0000000002764ed0 code [0x0000000002765020, 0x0000000002765130]
Event: 5.158 Thread 0x00000000146aa000 2103       2       java.util.regex.Matcher::replaceAll (59 bytes)
Event: 5.158 Thread 0x00000000146aa000 nmethod 2103 0x0000000002796b10 code [0x0000000002796ce0, 0x00000000027972d8]
Event: 5.160 Thread 0x00000000146aa000 2104       2       org.apache.xmlbeans.impl.common.QNameHelper::isSafe (44 bytes)
Event: 5.161 Thread 0x00000000146aa000 nmethod 2104 0x00000000027891d0 code [0x0000000002789320, 0x00000000027894b0]
Event: 5.168 Thread 0x00000000146aa000 2105       2       java.util.TreeMap::getEntry (84 bytes)
Event: 5.168 Thread 0x00000000146aa000 nmethod 2105 0x0000000002796450 code [0x00000000027965e0, 0x0000000002796948]
Event: 5.168 Thread 0x00000000146aa000 2106       2       org.apache.xmlbeans.XmlOptions::<init> (33 bytes)
Event: 5.168 Thread 0x00000000146aa000 nmethod 2106 0x0000000002793790 code [0x0000000002793900, 0x0000000002793b08]

GC Heap History (8 events):
Event: 0.520 GC heap before
{Heap before GC invocations=1 (full 0):
 PSYoungGen      total 18944K, used 16384K [0x00000000eb300000, 0x00000000ec800000, 0x0000000100000000)
  eden space 16384K, 100% used [0x00000000eb300000,0x00000000ec300000,0x00000000ec300000)
  from space 2560K, 0% used [0x00000000ec580000,0x00000000ec580000,0x00000000ec800000)
  to   space 2560K, 0% used [0x00000000ec300000,0x00000000ec300000,0x00000000ec580000)
 ParOldGen       total 44032K, used 0K [0x00000000c1800000, 0x00000000c4300000, 0x00000000eb300000)
  object space 44032K, 0% used [0x00000000c1800000,0x00000000c1800000,0x00000000c4300000)
 Metaspace       used 8601K, capacity 8694K, committed 8704K, reserved 1056768K
  class space    used 978K, capacity 1015K, committed 1024K, reserved 1048576K
Event: 0.525 GC heap after
Heap after GC invocations=1 (full 0):
 PSYoungGen      total 18944K, used 2539K [0x00000000eb300000, 0x00000000ed800000, 0x0000000100000000)
  eden space 16384K, 0% used [0x00000000eb300000,0x00000000eb300000,0x00000000ec300000)
  from space 2560K, 99% used [0x00000000ec300000,0x00000000ec57aeb0,0x00000000ec580000)
  to   space 2560K, 0% used [0x00000000ed580000,0x00000000ed580000,0x00000000ed800000)
 ParOldGen       total 44032K, used 1529K [0x00000000c1800000, 0x00000000c4300000, 0x00000000eb300000)
  object space 44032K, 3% used [0x00000000c1800000,0x00000000c197e6b0,0x00000000c4300000)
 Metaspace       used 8601K, capacity 8694K, committed 8704K, reserved 1056768K
  class space    used 978K, capacity 1015K, committed 1024K, reserved 1048576K
}
Event: 0.735 GC heap before
{Heap before GC invocations=2 (full 0):
 PSYoungGen      total 18944K, used 18923K [0x00000000eb300000, 0x00000000ed800000, 0x0000000100000000)
  eden space 16384K, 100% used [0x00000000eb300000,0x00000000ec300000,0x00000000ec300000)
  from space 2560K, 99% used [0x00000000ec300000,0x00000000ec57aeb0,0x00000000ec580000)
  to   space 2560K, 0% used [0x00000000ed580000,0x00000000ed580000,0x00000000ed800000)
 ParOldGen       total 44032K, used 1529K [0x00000000c1800000, 0x00000000c4300000, 0x00000000eb300000)
  object space 44032K, 3% used [0x00000000c1800000,0x00000000c197e6b0,0x00000000c4300000)
 Metaspace       used 10799K, capacity 10966K, committed 11136K, reserved 1058816K
  class space    used 1255K, capacity 1303K, committed 1408K, reserved 1048576K
Event: 0.738 GC heap after
Heap after GC invocations=2 (full 0):
 PSYoungGen      total 35328K, used 2557K [0x00000000eb300000, 0x00000000ed800000, 0x0000000100000000)
  eden space 32768K, 0% used [0x00000000eb300000,0x00000000eb300000,0x00000000ed300000)
  from space 2560K, 99% used [0x00000000ed580000,0x00000000ed7ff7a0,0x00000000ed800000)
  to   space 2560K, 0% used [0x00000000ed300000,0x00000000ed300000,0x00000000ed580000)
 ParOldGen       total 44032K, used 3178K [0x00000000c1800000, 0x00000000c4300000, 0x00000000eb300000)
  object space 44032K, 7% used [0x00000000c1800000,0x00000000c1b1a800,0x00000000c4300000)
 Metaspace       used 10799K, capacity 10966K, committed 11136K, reserved 1058816K
  class space    used 1255K, capacity 1303K, committed 1408K, reserved 1048576K
}
Event: 1.108 GC heap before
{Heap before GC invocations=3 (full 0):
 PSYoungGen      total 35328K, used 35325K [0x00000000eb300000, 0x00000000ed800000, 0x0000000100000000)
  eden space 32768K, 100% used [0x00000000eb300000,0x00000000ed300000,0x00000000ed300000)
  from space 2560K, 99% used [0x00000000ed580000,0x00000000ed7ff7a0,0x00000000ed800000)
  to   space 2560K, 0% used [0x00000000ed300000,0x00000000ed300000,0x00000000ed580000)
 ParOldGen       total 44032K, used 3178K [0x00000000c1800000, 0x00000000c4300000, 0x00000000eb300000)
  object space 44032K, 7% used [0x00000000c1800000,0x00000000c1b1a800,0x00000000c4300000)
 Metaspace       used 14071K, capacity 14188K, committed 14336K, reserved 1062912K
  class space    used 1683K, capacity 1728K, committed 1792K, reserved 1048576K
Event: 1.118 GC heap after
Heap after GC invocations=3 (full 0):
 PSYoungGen      total 35328K, used 2549K [0x00000000eb300000, 0x00000000ef800000, 0x0000000100000000)
  eden space 32768K, 0% used [0x00000000eb300000,0x00000000eb300000,0x00000000ed300000)
  from space 2560K, 99% used [0x00000000ed300000,0x00000000ed57d5d8,0x00000000ed580000)
  to   space 2560K, 0% used [0x00000000ef580000,0x00000000ef580000,0x00000000ef800000)
 ParOldGen       total 44032K, used 11003K [0x00000000c1800000, 0x00000000c4300000, 0x00000000eb300000)
  object space 44032K, 24% used [0x00000000c1800000,0x00000000c22bef28,0x00000000c4300000)
 Metaspace       used 14071K, capacity 14188K, committed 14336K, reserved 1062912K
  class space    used 1683K, capacity 1728K, committed 1792K, reserved 1048576K
}
Event: 2.548 GC heap before
{Heap before GC invocations=4 (full 0):
 PSYoungGen      total 35328K, used 35317K [0x00000000eb300000, 0x00000000ef800000, 0x0000000100000000)
  eden space 32768K, 100% used [0x00000000eb300000,0x00000000ed300000,0x00000000ed300000)
  from space 2560K, 99% used [0x00000000ed300000,0x00000000ed57d5d8,0x00000000ed580000)
  to   space 2560K, 0% used [0x00000000ef580000,0x00000000ef580000,0x00000000ef800000)
 ParOldGen       total 44032K, used 11003K [0x00000000c1800000, 0x00000000c4300000, 0x00000000eb300000)
  object space 44032K, 24% used [0x00000000c1800000,0x00000000c22bef28,0x00000000c4300000)
 Metaspace       used 20068K, capacity 20296K, committed 20608K, reserved 1067008K
  class space    used 2510K, capacity 2581K, committed 2688K, reserved 1048576K
Event: 2.558 GC heap after
Heap after GC invocations=4 (full 0):
 PSYoungGen      total 68096K, used 2530K [0x00000000eb300000, 0x00000000ef800000, 0x0000000100000000)
  eden space 65536K, 0% used [0x00000000eb300000,0x00000000eb300000,0x00000000ef300000)
  from space 2560K, 98% used [0x00000000ef580000,0x00000000ef7f8ac8,0x00000000ef800000)
  to   space 2560K, 0% used [0x00000000ef300000,0x00000000ef300000,0x00000000ef580000)
 ParOldGen       total 44032K, used 17592K [0x00000000c1800000, 0x00000000c4300000, 0x00000000eb300000)
  object space 44032K, 39% used [0x00000000c1800000,0x00000000c292e1f8,0x00000000c4300000)
 Metaspace       used 20068K, capacity 20296K, committed 20608K, reserved 1067008K
  class space    used 2510K, capacity 2581K, committed 2688K, reserved 1048576K
}

Deoptimization events (10 events):
Event: 1.427 Thread 0x000000001760a000 Uncommon trap: reason=unstable_if action=reinterpret pc=0x0000000002641ea4 method=java.lang.ThreadLocal.get()Ljava/lang/Object; @ 11
Event: 2.531 Thread 0x0000000001fb4800 Uncommon trap: reason=range_check action=make_not_entrant pc=0x0000000002719020 method=sun.reflect.generics.parser.SignatureParser.current()C @ 34
Event: 2.532 Thread 0x0000000001fb4800 Uncommon trap: reason=unstable_if action=reinterpret pc=0x000000000264691c method=java.util.regex.Pattern$BmpCharProperty.match(Ljava/util/regex/Matcher;ILjava/lang/CharSequence;)Z @ 34
Event: 2.572 Thread 0x0000000001fb4800 Uncommon trap: reason=unstable_if action=reinterpret pc=0x00000000026bd150 method=java.io.ByteArrayInputStream.read()I @ 8
Event: 4.885 Thread 0x0000000001fb4800 Uncommon trap: reason=unstable_if action=reinterpret pc=0x00000000025fbb5c method=java.lang.ThreadLocal$ThreadLocalMap.getEntry(Ljava/lang/ThreadLocal;)Ljava/lang/ThreadLocal$ThreadLocalMap$Entry; @ 29
Event: 4.892 Thread 0x0000000001fb4800 Uncommon trap: reason=unstable_if action=reinterpret pc=0x0000000002582be8 method=org.apache.xmlbeans.impl.store.Xobj.getNormal(I)Lorg/apache/xmlbeans/impl/store/Xobj; @ 45
Event: 4.923 Thread 0x0000000001fb4800 Uncommon trap: reason=unstable_if action=reinterpret pc=0x000000000250baa0 method=org.apache.xmlbeans.impl.store.Xobj.bitIsSet(I)Z @ 6
Event: 4.941 Thread 0x0000000001fb4800 Uncommon trap: reason=class_check action=maybe_recompile pc=0x0000000002440c70 method=org.apache.xmlbeans.impl.store.CharUtil.isValid(Ljava/lang/Object;II)Z @ 61
Event: 5.061 Thread 0x0000000001fb4800 Uncommon trap: reason=unstable_if action=reinterpret pc=0x00000000024d7030 method=org.apache.xmlbeans.impl.store.Cur.kindIsContainer(I)Z @ 2
Event: 5.159 Thread 0x0000000001fb4800 Uncommon trap: reason=unstable_if action=reinterpret pc=0x00000000024636f4 method=org.apache.xmlbeans.impl.piccolo.xml.PiccoloLexer.parseElementNameNS()Ljava/lang/String; @ 185

Internal exceptions (10 events):
Event: 2.506 Thread 0x0000000001fb4800 Exception <a 'java/lang/ArrayIndexOutOfBoundsException'> (0x00000000eceac528) thrown at [C:\re\workspace\8-2-build-windows-amd64-cygwin\jdk8u51\3951\hotspot\src\share\vm\runtime\sharedRuntime.cpp, line 605]
Event: 2.507 Thread 0x0000000001fb4800 Exception <a 'java/lang/ArrayIndexOutOfBoundsException'> (0x00000000eceb38f0) thrown at [C:\re\workspace\8-2-build-windows-amd64-cygwin\jdk8u51\3951\hotspot\src\share\vm\runtime\sharedRuntime.cpp, line 605]
Event: 2.507 Thread 0x0000000001fb4800 Exception <a 'java/lang/ArrayIndexOutOfBoundsException'> (0x00000000eceb5340) thrown at [C:\re\workspace\8-2-build-windows-amd64-cygwin\jdk8u51\3951\hotspot\src\share\vm\runtime\sharedRuntime.cpp, line 605]
Event: 2.507 Thread 0x0000000001fb4800 Exception <a 'java/lang/ArrayIndexOutOfBoundsException'> (0x00000000eceb6980) thrown at [C:\re\workspace\8-2-build-windows-amd64-cygwin\jdk8u51\3951\hotspot\src\share\vm\runtime\sharedRuntime.cpp, line 605]
Event: 2.509 Thread 0x0000000001fb4800 Exception <a 'java/lang/ArrayIndexOutOfBoundsException'> (0x00000000ecec4658) thrown at [C:\re\workspace\8-2-build-windows-amd64-cygwin\jdk8u51\3951\hotspot\src\share\vm\runtime\sharedRuntime.cpp, line 605]
Event: 2.531 Thread 0x0000000001fb4800 Exception <a 'java/lang/ArrayIndexOutOfBoundsException': 90> (0x00000000ed0b7348) thrown at [C:\re\workspace\8-2-build-windows-amd64-cygwin\jdk8u51\3951\hotspot\src\share\vm\interpreter\interpreterRuntime.cpp, line 366]
Event: 2.531 Thread 0x0000000001fb4800 Exception <a 'java/lang/ArrayIndexOutOfBoundsException': 105> (0x00000000ed0b8c08) thrown at [C:\re\workspace\8-2-build-windows-amd64-cygwin\jdk8u51\3951\hotspot\src\share\vm\interpreter\interpreterRuntime.cpp, line 366]
Event: 3.162 Thread 0x0000000001fb4800 Exception <a 'java/net/SocketTimeoutException': Read timed out> (0x00000000eb563eb8) thrown at [C:\re\workspace\8-2-build-windows-amd64-cygwin\jdk8u51\3951\hotspot\src\share\vm\prims\jni.cpp, line 735]
Event: 3.279 Thread 0x0000000001fb4800 Exception <a 'java/net/SocketTimeoutException': Read timed out> (0x00000000eb5802e8) thrown at [C:\re\workspace\8-2-build-windows-amd64-cygwin\jdk8u51\3951\hotspot\src\share\vm\prims\jni.cpp, line 735]
Event: 3.281 Thread 0x0000000001fb4800 Exception <a 'java/net/SocketTimeoutException': Read timed out> (0x00000000eb5931f0) thrown at [C:\re\workspace\8-2-build-windows-amd64-cygwin\jdk8u51\3951\hotspot\src\share\vm\prims\jni.cpp, line 735]

Events (10 events):
Event: 5.168 Thread 0x0000000001fb4800 DEOPT PACKING pc=0x0000000002779a33 sp=0x0000000001fad320
Event: 5.168 Thread 0x0000000001fb4800 DEOPT UNPACKING pc=0x00000000020f787f sp=0x0000000001fad128 mode 0
Event: 5.168 loading class java/util/zip/Deflater
Event: 5.169 loading class java/util/zip/Deflater done
Event: 5.169 loading class org/apache/poi/openxml4j/opc/internal/marshallers/ZipPartMarshaller
Event: 5.169 loading class org/apache/poi/openxml4j/opc/internal/marshallers/ZipPartMarshaller done
Event: 5.171 loading class org/dom4j/DocumentHelper
Event: 5.171 loading class org/dom4j/DocumentHelper done
Event: 5.172 loading class java/util/zip/ZipOutputStream$XEntry
Event: 5.172 loading class java/util/zip/ZipOutputStream$XEntry done


Dynamic libraries:
0x00007ff6d2e60000 - 0x00007ff6d2e97000 	C:\Program Files\Java\jre1.8.0_51\bin\javaw.exe
0x00007ffcc7210000 - 0x00007ffcc73bd000 	C:\Windows\SYSTEM32\ntdll.dll
0x00007ffcc6c80000 - 0x00007ffcc6dbf000 	C:\Windows\system32\KERNEL32.DLL
0x00007ffcc4720000 - 0x00007ffcc4835000 	C:\Windows\system32\KERNELBASE.dll
0x00007ffcc2ad0000 - 0x00007ffcc2b5e000 	C:\Windows\system32\apphelp.dll
0x00007ffc7f4e0000 - 0x00007ffc7f535000 	C:\Windows\AppPatch\AppPatch64\AcGenral.DLL
0x00007ffcc65c0000 - 0x00007ffcc666a000 	C:\Windows\system32\msvcrt.dll
0x00007ffcc44b0000 - 0x00007ffcc44de000 	C:\Windows\system32\SspiCli.dll
0x00007ffcc7020000 - 0x00007ffcc7074000 	C:\Windows\system32\SHLWAPI.dll
0x00007ffcc6e90000 - 0x00007ffcc7007000 	C:\Windows\system32\USER32.dll
0x00007ffcc6830000 - 0x00007ffcc69c5000 	C:\Windows\system32\ole32.dll
0x00007ffcc4bb0000 - 0x00007ffcc60de000 	C:\Windows\system32\SHELL32.dll
0x00007ffcc38b0000 - 0x00007ffcc38d1000 	C:\Windows\SYSTEM32\USERENV.dll
0x00007ffcc4b00000 - 0x00007ffcc4baa000 	C:\Windows\system32\ADVAPI32.dll
0x00007ffcc6c50000 - 0x00007ffcc6c6e000 	C:\Windows\system32\MPR.dll
0x00007ffcc6480000 - 0x00007ffcc65ba000 	C:\Windows\system32\RPCRT4.dll
0x00007ffcc6420000 - 0x00007ffcc6478000 	C:\Windows\SYSTEM32\sechost.dll
0x00007ffcc6a30000 - 0x00007ffcc6c41000 	C:\Windows\SYSTEM32\combase.dll
0x00007ffcc4950000 - 0x00007ffcc4a9e000 	C:\Windows\system32\GDI32.dll
0x00007ffcc42e0000 - 0x00007ffcc42f5000 	C:\Windows\SYSTEM32\profapi.dll
0x00007ffcc2fd0000 - 0x00007ffcc3082000 	C:\Windows\SYSTEM32\SHCORE.dll
0x00007ffcc4840000 - 0x00007ffcc4876000 	C:\Windows\system32\IMM32.DLL
0x00007ffcc7090000 - 0x00007ffcc71e1000 	C:\Windows\system32\MSCTF.dll
0x00007ffcc1f30000 - 0x00007ffcc21ab000 	C:\Windows\WinSxS\amd64_microsoft.windows.common-controls_6595b64144ccf1df_6.0.9600.19394_none_62486577ecb635cf\COMCTL32.dll
0x0000000065300000 - 0x00000000653d2000 	C:\Program Files\Java\jre1.8.0_51\bin\msvcr100.dll
0x0000000065480000 - 0x0000000065d03000 	C:\Program Files\Java\jre1.8.0_51\bin\server\jvm.dll
0x00007ffcc62c0000 - 0x00007ffcc62c9000 	C:\Windows\system32\WSOCK32.dll
0x00007ffcbb3d0000 - 0x00007ffcbb3f2000 	C:\Windows\SYSTEM32\WINMM.dll
0x00007ffcc7080000 - 0x00007ffcc708a000 	C:\Windows\system32\VERSION.dll
0x00007ffcc6400000 - 0x00007ffcc6407000 	C:\Windows\system32\PSAPI.DLL
0x00007ffcc4aa0000 - 0x00007ffcc4afa000 	C:\Windows\system32\WS2_32.dll
0x00007ffcbb3a0000 - 0x00007ffcbb3ca000 	C:\Windows\SYSTEM32\WINMMBASE.dll
0x00007ffcc4880000 - 0x00007ffcc4889000 	C:\Windows\system32\NSI.dll
0x00007ffcc4460000 - 0x00007ffcc44af000 	C:\Windows\SYSTEM32\cfgmgr32.dll
0x00007ffcc2d70000 - 0x00007ffcc2d98000 	C:\Windows\SYSTEM32\DEVOBJ.dll
0x0000000065470000 - 0x000000006547f000 	C:\Program Files\Java\jre1.8.0_51\bin\verify.dll
0x0000000065440000 - 0x0000000065469000 	C:\Program Files\Java\jre1.8.0_51\bin\java.dll
0x0000000065420000 - 0x0000000065436000 	C:\Program Files\Java\jre1.8.0_51\bin\zip.dll
0x0000000065400000 - 0x000000006541a000 	C:\Program Files\Java\jre1.8.0_51\bin\net.dll
0x00007ffcc3160000 - 0x00007ffcc3304000 	C:\Windows\system32\mwtsp.dll
0x00007ffcc3090000 - 0x00007ffcc3159000 	C:\Windows\SYSTEM32\WINHTTP.dll
0x00007ffcc3b20000 - 0x00007ffcc3b79000 	C:\Windows\system32\mswsock.dll
0x00007ffcc3920000 - 0x00007ffcc39c4000 	C:\Windows\SYSTEM32\DNSAPI.dll
0x00000000663c0000 - 0x00000000663e6000 	C:\Program Files\Bonjour\mdnsNSP.dll
0x00007ffcbf5a0000 - 0x00007ffcbf5ca000 	C:\Windows\SYSTEM32\Iphlpapi.DLL
0x00007ffcbf590000 - 0x00007ffcbf59a000 	C:\Windows\SYSTEM32\WINNSI.DLL
0x00007ffcbddf0000 - 0x00007ffcbddfa000 	C:\Windows\System32\rasadhlp.dll
0x00007ffcbf3a0000 - 0x00007ffcbf40b000 	C:\Windows\System32\fwpuclnt.dll
0x00007ffcc3b80000 - 0x00007ffcc3ba0000 	C:\Windows\SYSTEM32\CRYPTSP.dll
0x00007ffcc37a0000 - 0x00007ffcc37d6000 	C:\Windows\system32\rsaenh.dll
0x00007ffcc3e10000 - 0x00007ffcc3e36000 	C:\Windows\SYSTEM32\bcrypt.dll
0x00007ffcc40e0000 - 0x00007ffcc4143000 	C:\Windows\system32\bcryptprimitives.dll
0x00007ffcc4250000 - 0x00007ffcc425b000 	C:\Windows\SYSTEM32\CRYPTBASE.dll
0x00007ffcbed30000 - 0x00007ffcbed46000 	C:\Windows\SYSTEM32\dhcpcsvc6.DLL
0x00007ffcbed10000 - 0x00007ffcbed2a000 	C:\Windows\SYSTEM32\dhcpcsvc.DLL
0x00000000653e0000 - 0x00000000653f1000 	C:\Program Files\Java\jre1.8.0_51\bin\nio.dll
0x00007ffcc35c0000 - 0x00007ffcc35f2000 	C:\Windows\SYSTEM32\ntmarta.dll
0x00000000652d0000 - 0x00000000652f4000 	C:\Program Files\Java\jre1.8.0_51\bin\sunec.dll
0x00007ffcb2ba0000 - 0x00007ffcb2d29000 	C:\Windows\SYSTEM32\dbghelp.dll

VM Arguments:
jvm_args: -ea -Dfile.encoding=Cp1252 
java_command: org.testng.remote.RemoteTestNG -serport 59936 -d F:\Sreerag-DATA\Selenium\Workspace\Wrench_Framework\test-output F:\Sreerag-DATA\Selenium\Workspace\Wrench_Framework\src\Wrench Scenario.xml
java_class_path (initial): F:\Sreerag-DATA\Selenium\Workspace\Wrench_Framework\bin;F:\Sreerag-DATA\Software\eclipse\plugins\org.testng.eclipse_6.9.5.201508210528\lib\testng.jar;F:\Sreerag-DATA\Software\eclipse\plugins\org.testng.eclipse_6.9.5.201508210528\lib\jcommander.jar;F:\Sreerag-DATA\Software\eclipse\plugins\org.testng.eclipse_6.9.5.201508210528\lib\bsh-2.0b4.jar;F:\Sreerag-DATA\Software\eclipse\plugins\org.testng.eclipse_6.9.5.201508210528\lib\snakeyaml.jar;F:\Sreerag-DATA\Selenium\Workspace\Wrench_Framework\lib\Selenium_2.46\apache-mime4j-0.6.jar;F:\Sreerag-DATA\Selenium\Workspace\Wrench_Framework\lib\Selenium_2.46\bsh-1.3.0.jar;F:\Sreerag-DATA\Selenium\Workspace\Wrench_Framework\lib\Selenium_2.46\cglib-nodep-2.1_3.jar;F:\Sreerag-DATA\Selenium\Workspace\Wrench_Framework\lib\Selenium_2.46\commons-codec-1.10.jar;F:\Sreerag-DATA\Selenium\Workspace\Wrench_Framework\lib\Selenium_2.46\commons-collections-3.2.1.jar;F:\Sreerag-DATA\Selenium\Workspace\Wrench_Framework\lib\Selenium_2.46\commons-exec-1.3.jar;F:\Sreerag-DATA\Selenium\Workspace\Wrench_Framework\lib\Selenium_2.46\commons-io-2.4.jar;F:\Sreerag-DATA\Selenium\Workspace\Wrench_Framework\lib\Selenium_2.46\commons-lang3-3.4.jar;F:\Sreerag-DATA\Selenium\Workspace\Wrench_Framework\lib\Selenium_2.46\commons-logging-1.1.3.jar;F:\Sreerag-DATA\Selenium\Workspace\Wrench_Framework\lib\Selenium_2.46\cssparser-0.9.16.jar;F:\Sreerag-DATA\Selenium\Workspace\Wrench_Framework\lib\Selenium_2.46\gson-2.3.1.jar;F:\Sreerag-DATA\Selenium\Workspace\Wrench_Framework\lib\Selenium_2.46\guava-18.0.jar;F:\Sreerag-DATA\Selenium\Workspace\Wrench_Framework\lib\Selenium_2.46\hamcrest-core-1.3.jar;F:\Sreerag-DATA\Selenium\Workspace\Wrench_Framework\lib\Selenium_2.46\hamcrest-library-1.3.jar;F:\Sreerag-DATA\Selenium\Workspace\Wrench_Framework\lib\Selenium_2.46\htmlunit-2.17.jar;F:\Sreerag-DATA\Selenium\Workspace\Wrench_Framework\lib\Selenium_2.46\htmlunit-core-js-2.17.jar;F:\Sreerag-DATA\Selenium\Workspace\Wrench_Framework\lib\Selenium_2.4
Launcher Type: SUN_STANDARD

Environment Variables:
JRE_HOME=C:\Program Files\Java\jre1.8.0_51
PATH=C:/Program Files/Java/jre1.8.0_51/bin/server;C:/Program Files/Java/jre1.8.0_51/bin;C:/Program Files/Java/jre1.8.0_51/lib/amd64;C:\Windows\system32;C:\Windows;C:\Windows\system32\Wbem;C:\ProgramData\Oracle\Java\javapath;C:\Windows\System32\WindowsPowerShell\v1.0\;C:\Program Files\Common Files\Autodesk Shared\;C:\Program Files (x86)\QuickTime\QTSystem\;F:\Sreerag-DATA\Software\eclipse;
USERNAME=sreeraag
OS=Windows_NT
PROCESSOR_IDENTIFIER=Intel64 Family 6 Model 60 Stepping 3, GenuineIntel



---------------  S Y S T E M  ---------------

OS: Windows 8.1 , 64 bit Build 9600 (6.3.9600.20062)

CPU:total 4 (4 cores per cpu, 1 threads per core) family 6 model 60 stepping 3, cmov, cx8, fxsr, mmx, sse, sse2, sse3, ssse3, sse4.1, sse4.2, popcnt, avx, avx2, aes, clmul, erms, lzcnt, tsc, tscinvbit, bmi1, bmi2

Memory: 4k page, physical 4088100k(665204k free), swap 7233828k(72388k free)

vm_info: Java HotSpot(TM) 64-Bit Server VM (25.51-b03) for windows-amd64 JRE (1.8.0_51-b16), built on Jun  8 2015 18:03:07 by "java_re" with MS VC++ 10.0 (VS2010)

time: Thu Sep 30 12:47:21 2021
elapsed time: 5 seconds (0d 0h 0m 5s)

