#
# There is insufficient memory for the Java Runtime Environment to continue.
# Native memory allocation (malloc) failed to allocate 390096 bytes for Chunk::new
# Possible reasons:
#   The system is out of physical RAM or swap space
#   In 32 bit mode, the process size limit was hit
# Possible solutions:
#   Reduce memory load on the system
#   Increase physical memory or swap space
#   Check if swap backing store is full
#   Use 64 bit Java on a 64 bit OS
#   Decrease Java heap size (-Xmx/-Xms)
#   Decrease number of Java threads
#   Decrease Java thread stack sizes (-Xss)
#   Set larger code cache with -XX:ReservedCodeCacheSize=
# This output file may be truncated or incomplete.
#
#  Out of Memory Error (allocation.cpp:390), pid=12328, tid=10572
#
# JRE version: Java(TM) SE Runtime Environment (8.0_51-b16) (build 1.8.0_51-b16)
# Java VM: Java HotSpot(TM) 64-Bit Server VM (25.51-b03 mixed mode windows-amd64 compressed oops)
# Failed to write core dump. Minidumps are not enabled by default on client versions of Windows
#

---------------  T H R E A D  ---------------

Current thread (0x00000000152b6000):  JavaThread "C2 CompilerThread1" daemon [_thread_in_native, id=10572, stack(0x0000000016910000,0x0000000016a10000)]

Stack: [0x0000000016910000,0x0000000016a10000]
Native frames: (J=compiled Java code, j=interpreted, Vv=VM code, C=native code)
V  [jvm.dll+0x32b4ca]


Current CompileTask:
C2: 106589 3949       4       java.lang.String::split (326 bytes)


---------------  P R O C E S S  ---------------

Java Threads: ( => current thread )
  0x0000000018048800 JavaThread "Exec Stream Pumper" daemon [_thread_in_native, id=10608, stack(0x00000000199c0000,0x0000000019ac0000)]
  0x0000000018298800 JavaThread "Exec Stream Pumper" daemon [_thread_in_native, id=11200, stack(0x00000000198c0000,0x00000000199c0000)]
  0x0000000018297800 JavaThread "Exec Default Executor" daemon [_thread_in_native, id=12060, stack(0x00000000196c0000,0x00000000197c0000)]
  0x0000000017548000 JavaThread "ReaderThread" [_thread_in_native, id=11572, stack(0x0000000017bf0000,0x0000000017cf0000)]
  0x0000000016b38800 JavaThread "Service Thread" daemon [_thread_blocked, id=5740, stack(0x0000000016f10000,0x0000000017010000)]
  0x00000000152b7000 JavaThread "C1 CompilerThread2" daemon [_thread_blocked, id=10872, stack(0x0000000016a10000,0x0000000016b10000)]
=>0x00000000152b6000 JavaThread "C2 CompilerThread1" daemon [_thread_in_native, id=10572, stack(0x0000000016910000,0x0000000016a10000)]
  0x00000000152b1800 JavaThread "C2 CompilerThread0" daemon [_thread_in_native, id=2952, stack(0x0000000016810000,0x0000000016910000)]
  0x00000000152af800 JavaThread "Attach Listener" daemon [_thread_blocked, id=7404, stack(0x0000000016710000,0x0000000016810000)]
  0x00000000152ae800 JavaThread "Signal Dispatcher" daemon [_thread_blocked, id=10768, stack(0x0000000016610000,0x0000000016710000)]
  0x0000000002cbb800 JavaThread "Finalizer" daemon [_thread_blocked, id=10540, stack(0x0000000016510000,0x0000000016610000)]
  0x0000000002cb2000 JavaThread "Reference Handler" daemon [_thread_blocked, id=11984, stack(0x0000000016410000,0x0000000016510000)]
  0x0000000002bc4800 JavaThread "Forwarding getElementText on session b2f58ade492c84cbb29d572b755f4b52 to remote" [_thread_in_native, id=2768, stack(0x0000000002ac0000,0x0000000002bc0000)]

Other Threads:
  0x0000000015278800 VMThread [stack: 0x0000000016310000,0x0000000016410000] [id=12248]
  0x0000000016b4b800 WatcherThread [stack: 0x0000000017010000,0x0000000017110000] [id=11780]

VM state:not at safepoint (normal execution)

VM Mutex/Monitor currently owned by a thread: None

Heap:
 PSYoungGen      total 131584K, used 25369K [0x00000000eb300000, 0x00000000f5e80000, 0x0000000100000000)
  eden space 119296K, 20% used [0x00000000eb300000,0x00000000ecb1f0e0,0x00000000f2780000)
  from space 12288K, 5% used [0x00000000f5280000,0x00000000f5327460,0x00000000f5e80000)
  to   space 12288K, 0% used [0x00000000f2780000,0x00000000f2780000,0x00000000f3380000)
 ParOldGen       total 46592K, used 14558K [0x00000000c1800000, 0x00000000c4580000, 0x00000000eb300000)
  object space 46592K, 31% used [0x00000000c1800000,0x00000000c2637b38,0x00000000c4580000)
 Metaspace       used 22329K, capacity 22604K, committed 22960K, reserved 1069056K
  class space    used 2654K, capacity 2747K, committed 2816K, reserved 1048576K

Card table byte_map: [0x0000000012080000,0x0000000012280000] byte_map_base: 0x0000000011a74000

Marking Bits: (ParMarkBitMap*) 0x00000000751c4040
 Begin Bits: [0x00000000127d0000, 0x0000000013770000)
 End Bits:   [0x0000000013770000, 0x0000000014710000)

Polling page: 0x0000000002860000

CodeCache: size=245760Kb used=11664Kb max_used=12504Kb free=234095Kb
 bounds [0x0000000002cc0000, 0x0000000003910000, 0x0000000011cc0000]
 total_blobs=3730 nmethods=3298 adapters=343
 compilation: enabled

Compilation events (10 events):
Event: 106.425 Thread 0x00000000152b1800 3944       4       java.util.ArrayList$SubList::<init> (46 bytes)
Event: 106.425 Thread 0x00000000152b7000 3945       1       org.apache.poi.openxml4j.opc.PackagePart::clear (1 bytes)
Event: 106.426 Thread 0x00000000152b7000 nmethod 3945 0x00000000033c52d0 code [0x00000000033c5420, 0x00000000033c5530]
Event: 106.426 Thread 0x00000000152b1800 nmethod 3944 0x0000000002e70810 code [0x0000000002e70940, 0x0000000002e709d8]
Event: 106.445 Thread 0x00000000152b6000 3946       4       java.util.TreeMap$Values::iterator (19 bytes)
Event: 106.446 Thread 0x00000000152b1800 3947       4       org.dom4j.io.XMLWriter::writeNode (207 bytes)
Event: 106.447 Thread 0x00000000152b6000 nmethod 3946 0x00000000031bced0 code [0x00000000031bd020, 0x00000000031bd178]
Event: 106.462 Thread 0x00000000152b7000 3948   !   3       org.apache.xmlbeans.impl.schema.SchemaTypeImpl::ensureStringEnumInfo (429 bytes)
Event: 106.466 Thread 0x00000000152b7000 nmethod 3948 0x000000000319ccd0 code [0x000000000319d2c0, 0x00000000031a15f8]
Event: 106.533 Thread 0x00000000152b6000 3949       4       java.lang.String::split (326 bytes)

GC Heap History (10 events):
Event: 6.736 GC heap before
{Heap before GC invocations=5 (full 0):
 PSYoungGen      total 68096K, used 13964K [0x00000000eb300000, 0x00000000ef800000, 0x0000000100000000)
  eden space 65536K, 17% used [0x00000000eb300000,0x00000000ebe25cf0,0x00000000ef300000)
  from space 2560K, 99% used [0x00000000ef580000,0x00000000ef7fd500,0x00000000ef800000)
  to   space 2560K, 0% used [0x00000000ef300000,0x00000000ef300000,0x00000000ef580000)
 ParOldGen       total 44032K, used 17130K [0x00000000c1800000, 0x00000000c4300000, 0x00000000eb300000)
  object space 44032K, 38% used [0x00000000c1800000,0x00000000c28ba9b8,0x00000000c4300000)
 Metaspace       used 20935K, capacity 21172K, committed 21296K, reserved 1069056K
  class space    used 2617K, capacity 2679K, committed 2688K, reserved 1048576K
Event: 6.745 GC heap after
Heap after GC invocations=5 (full 0):
 PSYoungGen      total 68096K, used 2547K [0x00000000eb300000, 0x00000000f4a00000, 0x0000000100000000)
  eden space 65536K, 0% used [0x00000000eb300000,0x00000000eb300000,0x00000000ef300000)
  from space 2560K, 99% used [0x00000000ef300000,0x00000000ef57ce08,0x00000000ef580000)
  to   space 11776K, 0% used [0x00000000f3e80000,0x00000000f3e80000,0x00000000f4a00000)
 ParOldGen       total 44032K, used 18806K [0x00000000c1800000, 0x00000000c4300000, 0x00000000eb300000)
  object space 44032K, 42% used [0x00000000c1800000,0x00000000c2a5d978,0x00000000c4300000)
 Metaspace       used 20935K, capacity 21172K, committed 21296K, reserved 1069056K
  class space    used 2617K, capacity 2679K, committed 2688K, reserved 1048576K
}
Event: 6.745 GC heap before
{Heap before GC invocations=6 (full 1):
 PSYoungGen      total 68096K, used 2547K [0x00000000eb300000, 0x00000000f4a00000, 0x0000000100000000)
  eden space 65536K, 0% used [0x00000000eb300000,0x00000000eb300000,0x00000000ef300000)
  from space 2560K, 99% used [0x00000000ef300000,0x00000000ef57ce08,0x00000000ef580000)
  to   space 11776K, 0% used [0x00000000f3e80000,0x00000000f3e80000,0x00000000f4a00000)
 ParOldGen       total 44032K, used 18806K [0x00000000c1800000, 0x00000000c4300000, 0x00000000eb300000)
  object space 44032K, 42% used [0x00000000c1800000,0x00000000c2a5d978,0x00000000c4300000)
 Metaspace       used 20935K, capacity 21172K, committed 21296K, reserved 1069056K
  class space    used 2617K, capacity 2679K, committed 2688K, reserved 1048576K
Event: 6.794 GC heap after
Heap after GC invocations=6 (full 1):
 PSYoungGen      total 68096K, used 0K [0x00000000eb300000, 0x00000000f4a00000, 0x0000000100000000)
  eden space 65536K, 0% used [0x00000000eb300000,0x00000000eb300000,0x00000000ef300000)
  from space 2560K, 0% used [0x00000000ef300000,0x00000000ef300000,0x00000000ef580000)
  to   space 11776K, 0% used [0x00000000f3e80000,0x00000000f3e80000,0x00000000f4a00000)
 ParOldGen       total 46592K, used 14542K [0x00000000c1800000, 0x00000000c4580000, 0x00000000eb300000)
  object space 46592K, 31% used [0x00000000c1800000,0x00000000c2633b38,0x00000000c4580000)
 Metaspace       used 20935K, capacity 21172K, committed 21296K, reserved 1069056K
  class space    used 2617K, capacity 2679K, committed 2688K, reserved 1048576K
}
Event: 27.111 GC heap before
{Heap before GC invocations=7 (full 1):
 PSYoungGen      total 68096K, used 65536K [0x00000000eb300000, 0x00000000f4a00000, 0x0000000100000000)
  eden space 65536K, 100% used [0x00000000eb300000,0x00000000ef300000,0x00000000ef300000)
  from space 2560K, 0% used [0x00000000ef300000,0x00000000ef300000,0x00000000ef580000)
  to   space 11776K, 0% used [0x00000000f3e80000,0x00000000f3e80000,0x00000000f4a00000)
 ParOldGen       total 46592K, used 14542K [0x00000000c1800000, 0x00000000c4580000, 0x00000000eb300000)
  object space 46592K, 31% used [0x00000000c1800000,0x00000000c2633b38,0x00000000c4580000)
 Metaspace       used 21659K, capacity 21932K, committed 22192K, reserved 1069056K
  class space    used 2647K, capacity 2715K, committed 2816K, reserved 1048576K
Event: 27.113 GC heap after
Heap after GC invocations=7 (full 1):
 PSYoungGen      total 102912K, used 583K [0x00000000eb300000, 0x00000000f3f80000, 0x0000000100000000)
  eden space 101888K, 0% used [0x00000000eb300000,0x00000000eb300000,0x00000000f1680000)
  from space 1024K, 57% used [0x00000000f3e80000,0x00000000f3f11fc0,0x00000000f3f80000)
  to   space 12288K, 0% used [0x00000000f2780000,0x00000000f2780000,0x00000000f3380000)
 ParOldGen       total 46592K, used 14550K [0x00000000c1800000, 0x00000000c4580000, 0x00000000eb300000)
  object space 46592K, 31% used [0x00000000c1800000,0x00000000c2635b38,0x00000000c4580000)
 Metaspace       used 21659K, capacity 21932K, committed 22192K, reserved 1069056K
  class space    used 2647K, capacity 2715K, committed 2816K, reserved 1048576K
}
Event: 50.241 GC heap before
{Heap before GC invocations=8 (full 1):
 PSYoungGen      total 102912K, used 102471K [0x00000000eb300000, 0x00000000f3f80000, 0x0000000100000000)
  eden space 101888K, 100% used [0x00000000eb300000,0x00000000f1680000,0x00000000f1680000)
  from space 1024K, 57% used [0x00000000f3e80000,0x00000000f3f11fc0,0x00000000f3f80000)
  to   space 12288K, 0% used [0x00000000f2780000,0x00000000f2780000,0x00000000f3380000)
 ParOldGen       total 46592K, used 14550K [0x00000000c1800000, 0x00000000c4580000, 0x00000000eb300000)
  object space 46592K, 31% used [0x00000000c1800000,0x00000000c2635b38,0x00000000c4580000)
 Metaspace       used 22034K, capacity 22316K, committed 22704K, reserved 1069056K
  class space    used 2649K, capacity 2715K, committed 2816K, reserved 1048576K
Event: 50.244 GC heap after
Heap after GC invocations=8 (full 1):
 PSYoungGen      total 131584K, used 776K [0x00000000eb300000, 0x00000000f5e80000, 0x0000000100000000)
  eden space 119296K, 0% used [0x00000000eb300000,0x00000000eb300000,0x00000000f2780000)
  from space 12288K, 6% used [0x00000000f2780000,0x00000000f28423e0,0x00000000f3380000)
  to   space 12288K, 0% used [0x00000000f5280000,0x00000000f5280000,0x00000000f5e80000)
 ParOldGen       total 46592K, used 14550K [0x00000000c1800000, 0x00000000c4580000, 0x00000000eb300000)
  object space 46592K, 31% used [0x00000000c1800000,0x00000000c2635b38,0x00000000c4580000)
 Metaspace       used 22034K, capacity 22316K, committed 22704K, reserved 1069056K
  class space    used 2649K, capacity 2715K, committed 2816K, reserved 1048576K
}
Event: 100.277 GC heap before
{Heap before GC invocations=9 (full 1):
 PSYoungGen      total 131584K, used 120072K [0x00000000eb300000, 0x00000000f5e80000, 0x0000000100000000)
  eden space 119296K, 100% used [0x00000000eb300000,0x00000000f2780000,0x00000000f2780000)
  from space 12288K, 6% used [0x00000000f2780000,0x00000000f28423e0,0x00000000f3380000)
  to   space 12288K, 0% used [0x00000000f5280000,0x00000000f5280000,0x00000000f5e80000)
 ParOldGen       total 46592K, used 14550K [0x00000000c1800000, 0x00000000c4580000, 0x00000000eb300000)
  object space 46592K, 31% used [0x00000000c1800000,0x00000000c2635b38,0x00000000c4580000)
 Metaspace       used 22297K, capacity 22604K, committed 22960K, reserved 1069056K
  class space    used 2654K, capacity 2747K, committed 2816K, reserved 1048576K
Event: 100.280 GC heap after
Heap after GC invocations=9 (full 1):
 PSYoungGen      total 131584K, used 669K [0x00000000eb300000, 0x00000000f5e80000, 0x0000000100000000)
  eden space 119296K, 0% used [0x00000000eb300000,0x00000000eb300000,0x00000000f2780000)
  from space 12288K, 5% used [0x00000000f5280000,0x00000000f5327460,0x00000000f5e80000)
  to   space 12288K, 0% used [0x00000000f2780000,0x00000000f2780000,0x00000000f3380000)
 ParOldGen       total 46592K, used 14558K [0x00000000c1800000, 0x00000000c4580000, 0x00000000eb300000)
  object space 46592K, 31% used [0x00000000c1800000,0x00000000c2637b38,0x00000000c4580000)
 Metaspace       used 22297K, capacity 22604K, committed 22960K, reserved 1069056K
  class space    used 2654K, capacity 2747K, committed 2816K, reserved 1048576K
}

Deoptimization events (10 events):
Event: 7.171 Thread 0x0000000002bc4800 Uncommon trap: reason=predicate action=maybe_recompile pc=0x00000000033f13d0 method=org.apache.xmlbeans.impl.store.Saver.pushMappings(Lorg/apache/xmlbeans/impl/store/Saver$SaveCur;Z)V @ 43
Event: 7.273 Thread 0x0000000002bc4800 Uncommon trap: reason=null_check action=make_not_entrant pc=0x0000000003456538 method=org.apache.xmlbeans.impl.store.Saver.addNewFrameMapping(Ljava/lang/String;Ljava/lang/String;Z)V @ 68
Event: 7.273 Thread 0x0000000002bc4800 Uncommon trap: reason=class_check action=maybe_recompile pc=0x00000000031de060 method=org.apache.xmlbeans.impl.store.CharUtil.getChars([CILjava/lang/Object;II)V @ 81
Event: 7.382 Thread 0x0000000002bc4800 Uncommon trap: reason=null_check action=make_not_entrant pc=0x000000000348e0f0 method=org.apache.xmlbeans.impl.store.Saver.addNewFrameMapping(Ljava/lang/String;Ljava/lang/String;Z)V @ 68
Event: 20.392 Thread 0x0000000002bc4800 Uncommon trap: reason=unstable_if action=reinterpret pc=0x000000000355d92c method=com.google.gson.stream.JsonWriter.string(Ljava/lang/String;)V @ 68
Event: 43.388 Thread 0x0000000002bc4800 Uncommon trap: reason=unstable_if action=reinterpret pc=0x0000000002ead91c method=sun.nio.cs.UTF_8$Encoder.encode([CII[B)I @ 33
Event: 43.389 Thread 0x0000000002bc4800 Uncommon trap: reason=unstable_if action=reinterpret pc=0x0000000003584bf0 method=org.apache.http.impl.conn.Wire.wire(Ljava/lang/String;Ljava/io/InputStream;)V @ 122
Event: 46.212 Thread 0x0000000002bc4800 Uncommon trap: reason=unstable_if action=reinterpret pc=0x0000000003772088 method=java.util.HashMap.removeNode(ILjava/lang/Object;Ljava/lang/Object;ZZ)Ljava/util/HashMap$Node; @ 58
Event: 60.084 Thread 0x0000000002bc4800 Uncommon trap: reason=unstable_if action=reinterpret pc=0x00000000036b9390 method=java.net.URI.isAbsolute()Z @ 4
Event: 86.227 Thread 0x0000000002bc4800 Uncommon trap: reason=unstable_if action=reinterpret pc=0x000000000388daec method=com.google.gson.stream.JsonReader.nextQuotedValue(C)Ljava/lang/String; @ 81

Internal exceptions (10 events):
Event: 105.857 Thread 0x0000000002bc4800 Exception <a 'java/net/SocketTimeoutException': Read timed out> (0x00000000ebbd2c18) thrown at [C:\re\workspace\8-2-build-windows-amd64-cygwin\jdk8u51\3951\hotspot\src\share\vm\prims\jni.cpp, line 735]
Event: 106.307 Thread 0x0000000002bc4800 Exception <a 'java/net/SocketTimeoutException': Read timed out> (0x00000000ec1e1818) thrown at [C:\re\workspace\8-2-build-windows-amd64-cygwin\jdk8u51\3951\hotspot\src\share\vm\prims\jni.cpp, line 735]
Event: 106.324 Thread 0x0000000002bc4800 Exception <a 'java/net/SocketTimeoutException': Read timed out> (0x00000000ec1f6340) thrown at [C:\re\workspace\8-2-build-windows-amd64-cygwin\jdk8u51\3951\hotspot\src\share\vm\prims\jni.cpp, line 735]
Event: 106.332 Thread 0x0000000002bc4800 Exception <a 'java/net/SocketTimeoutException': Read timed out> (0x00000000ec207c20) thrown at [C:\re\workspace\8-2-build-windows-amd64-cygwin\jdk8u51\3951\hotspot\src\share\vm\prims\jni.cpp, line 735]
Event: 106.386 Thread 0x0000000002bc4800 Exception <a 'java/net/SocketTimeoutException': Read timed out> (0x00000000ec426c88) thrown at [C:\re\workspace\8-2-build-windows-amd64-cygwin\jdk8u51\3951\hotspot\src\share\vm\prims\jni.cpp, line 735]
Event: 106.401 Thread 0x0000000002bc4800 Exception <a 'java/net/SocketTimeoutException': Read timed out> (0x00000000ec43b7b0) thrown at [C:\re\workspace\8-2-build-windows-amd64-cygwin\jdk8u51\3951\hotspot\src\share\vm\prims\jni.cpp, line 735]
Event: 106.408 Thread 0x0000000002bc4800 Exception <a 'java/net/SocketTimeoutException': Read timed out> (0x00000000ec44d090) thrown at [C:\re\workspace\8-2-build-windows-amd64-cygwin\jdk8u51\3951\hotspot\src\share\vm\prims\jni.cpp, line 735]
Event: 106.464 Thread 0x0000000002bc4800 Exception <a 'java/net/SocketTimeoutException': Read timed out> (0x00000000ec66ca48) thrown at [C:\re\workspace\8-2-build-windows-amd64-cygwin\jdk8u51\3951\hotspot\src\share\vm\prims\jni.cpp, line 735]
Event: 106.479 Thread 0x0000000002bc4800 Exception <a 'java/net/SocketTimeoutException': Read timed out> (0x00000000ec681570) thrown at [C:\re\workspace\8-2-build-windows-amd64-cygwin\jdk8u51\3951\hotspot\src\share\vm\prims\jni.cpp, line 735]
Event: 106.486 Thread 0x0000000002bc4800 Exception <a 'java/net/SocketTimeoutException': Read timed out> (0x00000000ec692e48) thrown at [C:\re\workspace\8-2-build-windows-amd64-cygwin\jdk8u51\3951\hotspot\src\share\vm\prims\jni.cpp, line 735]

Events (10 events):
Event: 100.282 Thread 0x00000000152b1800 flushing nmethod 0x000000000350c4d0
Event: 100.282 Thread 0x00000000152b1800 flushing nmethod 0x000000000350cc50
Event: 100.282 Thread 0x00000000152b1800 flushing nmethod 0x000000000350e650
Event: 100.293 Thread 0x00000000152b7000 flushing nmethod 0x000000000351a9d0
Event: 100.293 Thread 0x00000000152b7000 flushing nmethod 0x000000000352dd50
Event: 100.293 Thread 0x00000000152b7000 flushing nmethod 0x0000000003541a10
Event: 100.293 Thread 0x00000000152b7000 flushing nmethod 0x000000000355d450
Event: 100.293 Thread 0x00000000152b7000 flushing nmethod 0x00000000035b2790
Event: 106.170 Thread 0x0000000002bc4800 DEOPT PACKING pc=0x0000000002eac358 sp=0x0000000002bbd5c0
Event: 106.170 Thread 0x0000000002bc4800 DEOPT UNPACKING pc=0x0000000002d0787f sp=0x0000000002bbd350 mode 0


Dynamic libraries:
0x00007ff7efc30000 - 0x00007ff7efc67000 	C:\Program Files\Java\jre1.8.0_51\bin\javaw.exe
0x00007ffc3f770000 - 0x00007ffc3f91d000 	C:\Windows\SYSTEM32\ntdll.dll
0x00007ffc3d540000 - 0x00007ffc3d67e000 	C:\Windows\system32\KERNEL32.DLL
0x00007ffc3cce0000 - 0x00007ffc3cdf5000 	C:\Windows\system32\KERNELBASE.dll
0x00007ffc3b110000 - 0x00007ffc3b19e000 	C:\Windows\system32\apphelp.dll
0x00007ffc07710000 - 0x00007ffc07763000 	C:\Windows\AppPatch\AppPatch64\AcGenral.DLL
0x00007ffc3d680000 - 0x00007ffc3d72a000 	C:\Windows\system32\msvcrt.dll
0x00007ffc3cba0000 - 0x00007ffc3cbce000 	C:\Windows\system32\SspiCli.dll
0x00007ffc3d800000 - 0x00007ffc3d854000 	C:\Windows\system32\SHLWAPI.dll
0x00007ffc3eff0000 - 0x00007ffc3f167000 	C:\Windows\system32\USER32.dll
0x00007ffc3f5d0000 - 0x00007ffc3f764000 	C:\Windows\system32\ole32.dll
0x00007ffc3dac0000 - 0x00007ffc3efec000 	C:\Windows\system32\SHELL32.dll
0x00007ffc3be60000 - 0x00007ffc3be81000 	C:\Windows\SYSTEM32\USERENV.dll
0x00007ffc3f520000 - 0x00007ffc3f5ca000 	C:\Windows\system32\ADVAPI32.dll
0x00007ffc343e0000 - 0x00007ffc343fe000 	C:\Windows\SYSTEM32\MPR.dll
0x00007ffc3f230000 - 0x00007ffc3f370000 	C:\Windows\system32\RPCRT4.dll
0x00007ffc3d4e0000 - 0x00007ffc3d539000 	C:\Windows\SYSTEM32\sechost.dll
0x00007ffc3d210000 - 0x00007ffc3d422000 	C:\Windows\SYSTEM32\combase.dll
0x00007ffc3cff0000 - 0x00007ffc3d13b000 	C:\Windows\system32\GDI32.dll
0x00007ffc3c8a0000 - 0x00007ffc3c8b5000 	C:\Windows\SYSTEM32\profapi.dll
0x00007ffc3afa0000 - 0x00007ffc3b052000 	C:\Windows\SYSTEM32\SHCORE.dll
0x00007ffc3da80000 - 0x00007ffc3dab6000 	C:\Windows\system32\IMM32.DLL
0x00007ffc3d860000 - 0x00007ffc3d9b1000 	C:\Windows\system32\MSCTF.dll
0x00007ffc3a6a0000 - 0x00007ffc3a91b000 	C:\Windows\WinSxS\amd64_microsoft.windows.common-controls_6595b64144ccf1df_6.0.9600.18006_none_623f33d3ecbe86e8\COMCTL32.dll
0x0000000074840000 - 0x0000000074912000 	C:\Program Files\Java\jre1.8.0_51\bin\msvcr100.dll
0x00000000749c0000 - 0x0000000075243000 	C:\Program Files\Java\jre1.8.0_51\bin\server\jvm.dll
0x00007ffc32960000 - 0x00007ffc32969000 	C:\Windows\SYSTEM32\WSOCK32.dll
0x00007ffc27cb0000 - 0x00007ffc27cd2000 	C:\Windows\SYSTEM32\WINMM.dll
0x00007ffc3a5b0000 - 0x00007ffc3a5ba000 	C:\Windows\SYSTEM32\VERSION.dll
0x00007ffc3d4d0000 - 0x00007ffc3d4d7000 	C:\Windows\system32\PSAPI.DLL
0x00007ffc3d7a0000 - 0x00007ffc3d7fa000 	C:\Windows\system32\WS2_32.dll
0x00007ffc27c80000 - 0x00007ffc27caa000 	C:\Windows\SYSTEM32\WINMMBASE.dll
0x00007ffc3ce00000 - 0x00007ffc3ce09000 	C:\Windows\system32\NSI.dll
0x00007ffc3c970000 - 0x00007ffc3c9bf000 	C:\Windows\SYSTEM32\cfgmgr32.dll
0x00007ffc3b640000 - 0x00007ffc3b668000 	C:\Windows\SYSTEM32\DEVOBJ.dll
0x00000000749b0000 - 0x00000000749bf000 	C:\Program Files\Java\jre1.8.0_51\bin\verify.dll
0x0000000074980000 - 0x00000000749a9000 	C:\Program Files\Java\jre1.8.0_51\bin\java.dll
0x0000000074960000 - 0x0000000074976000 	C:\Program Files\Java\jre1.8.0_51\bin\zip.dll
0x0000000074940000 - 0x000000007495a000 	C:\Program Files\Java\jre1.8.0_51\bin\net.dll
0x00007ffc3c0d0000 - 0x00007ffc3c129000 	C:\Windows\system32\mswsock.dll
0x00007ffc3bed0000 - 0x00007ffc3bf74000 	C:\Windows\SYSTEM32\DNSAPI.dll
0x0000000075c30000 - 0x0000000075c56000 	C:\Program Files\Bonjour\mdnsNSP.dll
0x00007ffc3a580000 - 0x00007ffc3a5aa000 	C:\Windows\SYSTEM32\Iphlpapi.DLL
0x00007ffc3a2a0000 - 0x00007ffc3a2aa000 	C:\Windows\SYSTEM32\WINNSI.DLL
0x00007ffc34650000 - 0x00007ffc3465a000 	C:\Windows\System32\rasadhlp.dll
0x00007ffc35960000 - 0x00007ffc359cb000 	C:\Windows\System32\fwpuclnt.dll
0x00007ffc3c130000 - 0x00007ffc3c150000 	C:\Windows\SYSTEM32\CRYPTSP.dll
0x00007ffc3bd50000 - 0x00007ffc3bd86000 	C:\Windows\system32\rsaenh.dll
0x00007ffc3c380000 - 0x00007ffc3c3a6000 	C:\Windows\SYSTEM32\bcrypt.dll
0x00007ffc3c6a0000 - 0x00007ffc3c703000 	C:\Windows\system32\bcryptprimitives.dll
0x00007ffc3c710000 - 0x00007ffc3c71b000 	C:\Windows\SYSTEM32\CRYPTBASE.dll
0x00007ffc35930000 - 0x00007ffc35946000 	C:\Windows\SYSTEM32\dhcpcsvc6.DLL
0x00007ffc39680000 - 0x00007ffc3969a000 	C:\Windows\SYSTEM32\dhcpcsvc.DLL
0x0000000074920000 - 0x0000000074931000 	C:\Program Files\Java\jre1.8.0_51\bin\nio.dll
0x00007ffc3bb70000 - 0x00007ffc3bba2000 	C:\Windows\SYSTEM32\ntmarta.dll
0x0000000074810000 - 0x0000000074834000 	C:\Program Files\Java\jre1.8.0_51\bin\sunec.dll

VM Arguments:
jvm_args: -ea -Dfile.encoding=Cp1252 
java_command: org.testng.remote.RemoteTestNG -serport 56272 -d F:\Sreerag-DATA\Selenium\Workspace\Wrench_Framework\test-output F:\Sreerag-DATA\Selenium\Workspace\Wrench_Framework\src\Wrench Scenario Chrome.xml
java_class_path (initial): F:\Sreerag-DATA\Selenium\Workspace\Wrench_Framework\bin;F:\Sreerag-DATA\Software\eclipse\plugins\org.testng.eclipse_6.9.5.201508210528\lib\testng.jar;F:\Sreerag-DATA\Software\eclipse\plugins\org.testng.eclipse_6.9.5.201508210528\lib\jcommander.jar;F:\Sreerag-DATA\Software\eclipse\plugins\org.testng.eclipse_6.9.5.201508210528\lib\bsh-2.0b4.jar;F:\Sreerag-DATA\Software\eclipse\plugins\org.testng.eclipse_6.9.5.201508210528\lib\snakeyaml.jar;F:\Sreerag-DATA\Selenium\Workspace\Wrench_Framework\lib\Selenium_2.46\apache-mime4j-0.6.jar;F:\Sreerag-DATA\Selenium\Workspace\Wrench_Framework\lib\Selenium_2.46\bsh-1.3.0.jar;F:\Sreerag-DATA\Selenium\Workspace\Wrench_Framework\lib\Selenium_2.46\cglib-nodep-2.1_3.jar;F:\Sreerag-DATA\Selenium\Workspace\Wrench_Framework\lib\Selenium_2.46\commons-codec-1.10.jar;F:\Sreerag-DATA\Selenium\Workspace\Wrench_Framework\lib\Selenium_2.46\commons-collections-3.2.1.jar;F:\Sreerag-DATA\Selenium\Workspace\Wrench_Framework\lib\Selenium_2.46\commons-exec-1.3.jar;F:\Sreerag-DATA\Selenium\Workspace\Wrench_Framework\lib\Selenium_2.46\commons-io-2.4.jar;F:\Sreerag-DATA\Selenium\Workspace\Wrench_Framework\lib\Selenium_2.46\commons-lang3-3.4.jar;F:\Sreerag-DATA\Selenium\Workspace\Wrench_Framework\lib\Selenium_2.46\commons-logging-1.1.3.jar;F:\Sreerag-DATA\Selenium\Workspace\Wrench_Framework\lib\Selenium_2.46\cssparser-0.9.16.jar;F:\Sreerag-DATA\Selenium\Workspace\Wrench_Framework\lib\Selenium_2.46\gson-2.3.1.jar;F:\Sreerag-DATA\Selenium\Workspace\Wrench_Framework\lib\Selenium_2.46\guava-18.0.jar;F:\Sreerag-DATA\Selenium\Workspace\Wrench_Framework\lib\Selenium_2.46\hamcrest-core-1.3.jar;F:\Sreerag-DATA\Selenium\Workspace\Wrench_Framework\lib\Selenium_2.46\hamcrest-library-1.3.jar;F:\Sreerag-DATA\Selenium\Workspace\Wrench_Framework\lib\Selenium_2.46\htmlunit-2.17.jar;F:\Sreerag-DATA\Selenium\Workspace\Wrench_Framework\lib\Selenium_2.46\htmlunit-core-js-2.17.jar;F:\Sreerag-DATA\Selenium\Workspace\Wrench_Framework\lib\Selenium_2.4
Launcher Type: SUN_STANDARD

Environment Variables:
PATH=C:/Program Files/Java/jre1.8.0_51/bin/server;C:/Program Files/Java/jre1.8.0_51/bin;C:/Program Files/Java/jre1.8.0_51/lib/amd64;C:\ProgramData\Oracle\Java\javapath;C:\Windows\system32;C:\Windows;C:\Windows\System32\Wbem;C:\Windows\System32\WindowsPowerShell\v1.0\;C:\Program Files\Common Files\Autodesk Shared\;C:\Program Files (x86)\QuickTime\QTSystem\;F:\Sreerag-DATA\Software\eclipse;
USERNAME=sreeraag
OS=Windows_NT
PROCESSOR_IDENTIFIER=Intel64 Family 6 Model 60 Stepping 3, GenuineIntel



---------------  S Y S T E M  ---------------

OS: Windows 8.1 , 64 bit Build 9600 (6.3.9600.17415)

CPU:total 4 (4 cores per cpu, 1 threads per core) family 6 model 60 stepping 3, cmov, cx8, fxsr, mmx, sse, sse2, sse3, ssse3, sse4.1, sse4.2, popcnt, avx, avx2, aes, clmul, erms, lzcnt, tsc, tscinvbit, bmi1, bmi2

Memory: 4k page, physical 4088100k(408824k free), swap 7233828k(4688k free)

vm_info: Java HotSpot(TM) 64-Bit Server VM (25.51-b03) for windows-amd64 JRE (1.8.0_51-b16), built on Jun  8 2015 18:03:07 by "java_re" with MS VC++ 10.0 (VS2010)

time: Tue Jul 03 12:09:57 2018
elapsed time: 106 seconds (0d 0h 1m 46s)

