#
# There is insufficient memory for the Java Runtime Environment to continue.
# Native memory allocation (malloc) failed to allocate 32744 bytes for ChunkPool::allocate
# Possible reasons:
#   The system is out of physical RAM or swap space
#   In 32 bit mode, the process size limit was hit
# Possible solutions:
#   Reduce memory load on the system
#   Increase physical memory or swap space
#   Check if swap backing store is full
#   Use 64 bit Java on a 64 bit OS
#   Decrease Java heap size (-Xmx/-Xms)
#   Decrease number of Java threads
#   Decrease Java thread stack sizes (-Xss)
#   Set larger code cache with -XX:ReservedCodeCacheSize=
# This output file may be truncated or incomplete.
#
#  Out of Memory Error (allocation.cpp:273), pid=3528, tid=8324
#
# JRE version: Java(TM) SE Runtime Environment (8.0_51-b16) (build 1.8.0_51-b16)
# Java VM: Java HotSpot(TM) 64-Bit Server VM (25.51-b03 mixed mode windows-amd64 compressed oops)
# Failed to write core dump. Minidumps are not enabled by default on client versions of Windows
#

---------------  T H R E A D  ---------------

Current thread (0x0000000014f56800):  JavaThread "C2 CompilerThread1" daemon [_thread_in_native, id=8324, stack(0x00000000165b0000,0x00000000166b0000)]

Stack: [0x00000000165b0000,0x00000000166b0000]
Native frames: (J=compiled Java code, j=interpreted, Vv=VM code, C=native code)
V  [jvm.dll+0x32b4ca]


Current CompileTask:
C2: 109691 3847       4       org.apache.xmlbeans.impl.store.Xobj$ElementXobj::newNode (13 bytes)


---------------  P R O C E S S  ---------------

Java Threads: ( => current thread )
  0x0000000018357000 JavaThread "Exec Stream Pumper" daemon [_thread_in_native, id=15852, stack(0x0000000019860000,0x0000000019960000)]
  0x0000000017eca000 JavaThread "Exec Stream Pumper" daemon [_thread_in_native, id=5940, stack(0x0000000019760000,0x0000000019860000)]
  0x0000000017ec9000 JavaThread "Exec Default Executor" daemon [_thread_in_native, id=13968, stack(0x0000000019560000,0x0000000019660000)]
  0x0000000017155800 JavaThread "ReaderThread" [_thread_in_native, id=5968, stack(0x0000000017a80000,0x0000000017b80000)]
  0x0000000014fae800 JavaThread "Service Thread" daemon [_thread_blocked, id=14064, stack(0x0000000016bb0000,0x0000000016cb0000)]
  0x0000000014f57000 JavaThread "C1 CompilerThread2" daemon [_thread_blocked, id=16352, stack(0x00000000166b0000,0x00000000167b0000)]
=>0x0000000014f56800 JavaThread "C2 CompilerThread1" daemon [_thread_in_native, id=8324, stack(0x00000000165b0000,0x00000000166b0000)]
  0x0000000014f52000 JavaThread "C2 CompilerThread0" daemon [_thread_blocked, id=17268, stack(0x00000000164b0000,0x00000000165b0000)]
  0x0000000014f50800 JavaThread "Attach Listener" daemon [_thread_blocked, id=16944, stack(0x00000000163b0000,0x00000000164b0000)]
  0x0000000014f4f800 JavaThread "Signal Dispatcher" daemon [_thread_blocked, id=16904, stack(0x00000000162b0000,0x00000000163b0000)]
  0x000000000295d000 JavaThread "Finalizer" daemon [_thread_blocked, id=2216, stack(0x00000000161b0000,0x00000000162b0000)]
  0x0000000002954000 JavaThread "Reference Handler" daemon [_thread_blocked, id=17168, stack(0x00000000160b0000,0x00000000161b0000)]
  0x0000000002864800 JavaThread "main" [_thread_in_native, id=16440, stack(0x0000000002760000,0x0000000002860000)]

Other Threads:
  0x0000000014f18800 VMThread [stack: 0x0000000015fb0000,0x00000000160b0000] [id=932]
  0x00000000167e2800 WatcherThread [stack: 0x0000000016cb0000,0x0000000016db0000] [id=16292]

VM state:not at safepoint (normal execution)

VM Mutex/Monitor currently owned by a thread: None

Heap:
 PSYoungGen      total 115712K, used 84178K [0x00000000eb300000, 0x00000000f3f80000, 0x0000000100000000)
  eden space 103424K, 80% used [0x00000000eb300000,0x00000000f04692c8,0x00000000f1800000)
  from space 12288K, 6% used [0x00000000f2780000,0x00000000f284b8d0,0x00000000f3380000)
  to   space 1024K, 0% used [0x00000000f3e80000,0x00000000f3e80000,0x00000000f3f80000)
 ParOldGen       total 46080K, used 14289K [0x00000000c1800000, 0x00000000c4500000, 0x00000000eb300000)
  object space 46080K, 31% used [0x00000000c1800000,0x00000000c25f44f0,0x00000000c4500000)
 Metaspace       used 22225K, capacity 22476K, committed 22704K, reserved 1069056K
  class space    used 2658K, capacity 2747K, committed 2816K, reserved 1048576K

Card table byte_map: [0x0000000011d20000,0x0000000011f20000] byte_map_base: 0x0000000011714000

Marking Bits: (ParMarkBitMap*) 0x0000000065c84040
 Begin Bits: [0x0000000012470000, 0x0000000013410000)
 End Bits:   [0x0000000013410000, 0x00000000143b0000)

Polling page: 0x0000000000d40000

CodeCache: size=245760Kb used=11382Kb max_used=11382Kb free=234377Kb
 bounds [0x0000000002960000, 0x0000000003490000, 0x0000000011960000]
 total_blobs=3655 nmethods=3224 adapters=343
 compilation: enabled

Compilation events (10 events):
Event: 105.503 Thread 0x0000000014f57000 nmethod 3842 0x000000000348b6d0 code [0x000000000348b860, 0x000000000348bc68]
Event: 105.503 Thread 0x0000000014f57000 3843       3       java.text.DateFormatSymbols::getProviderInstance (37 bytes)
Event: 105.503 Thread 0x0000000014f57000 nmethod 3843 0x000000000348ae10 code [0x000000000348afc0, 0x000000000348b4e8]
Event: 105.530 Thread 0x0000000014f57000 3844       3       com.google.common.collect.RegularImmutableMap::get (60 bytes)
Event: 105.530 Thread 0x0000000014f57000 nmethod 3844 0x000000000348a2d0 code [0x000000000348a480, 0x000000000348aba8]
Event: 105.541 Thread 0x0000000014f52000 3845       4       org.apache.http.util.CharArrayBuffer::append (158 bytes)
Event: 105.547 Thread 0x0000000014f52000 nmethod 3845 0x0000000003489cd0 code [0x0000000003489e20, 0x000000000348a0b8]
Event: 105.556 Thread 0x0000000014f57000 3846   !   3       org.apache.http.impl.execchain.ConnectionHolder::releaseConnection (180 bytes)
Event: 105.557 Thread 0x0000000014f57000 nmethod 3846 0x000000000348ca50 code [0x000000000348cd20, 0x000000000348de98]
Event: 109.612 Thread 0x0000000014f56800 3847       4       org.apache.xmlbeans.impl.store.Xobj$ElementXobj::newNode (13 bytes)

GC Heap History (10 events):
Event: 2.609 GC heap before
{Heap before GC invocations=4 (full 0):
 PSYoungGen      total 35328K, used 35298K [0x00000000eb300000, 0x00000000ef800000, 0x0000000100000000)
  eden space 32768K, 100% used [0x00000000eb300000,0x00000000ed300000,0x00000000ed300000)
  from space 2560K, 98% used [0x00000000ed300000,0x00000000ed578b20,0x00000000ed580000)
  to   space 2560K, 0% used [0x00000000ef580000,0x00000000ef580000,0x00000000ef800000)
 ParOldGen       total 44032K, used 10826K [0x00000000c1800000, 0x00000000c4300000, 0x00000000eb300000)
  object space 44032K, 24% used [0x00000000c1800000,0x00000000c2292850,0x00000000c4300000)
 Metaspace       used 19868K, capacity 20072K, committed 20224K, reserved 1067008K
  class space    used 2480K, capacity 2549K, committed 2560K, reserved 1048576K
Event: 2.621 GC heap after
Heap after GC invocations=4 (full 0):
 PSYoungGen      total 68096K, used 2528K [0x00000000eb300000, 0x00000000ef800000, 0x0000000100000000)
  eden space 65536K, 0% used [0x00000000eb300000,0x00000000eb300000,0x00000000ef300000)
  from space 2560K, 98% used [0x00000000ef580000,0x00000000ef7f8030,0x00000000ef800000)
  to   space 2560K, 0% used [0x00000000ef300000,0x00000000ef300000,0x00000000ef580000)
 ParOldGen       total 44032K, used 17516K [0x00000000c1800000, 0x00000000c4300000, 0x00000000eb300000)
  object space 44032K, 39% used [0x00000000c1800000,0x00000000c291b160,0x00000000c4300000)
 Metaspace       used 19868K, capacity 20072K, committed 20224K, reserved 1067008K
  class space    used 2480K, capacity 2549K, committed 2560K, reserved 1048576K
}
Event: 6.835 GC heap before
{Heap before GC invocations=5 (full 0):
 PSYoungGen      total 68096K, used 15327K [0x00000000eb300000, 0x00000000ef800000, 0x0000000100000000)
  eden space 65536K, 19% used [0x00000000eb300000,0x00000000ebf7fd58,0x00000000ef300000)
  from space 2560K, 98% used [0x00000000ef580000,0x00000000ef7f8030,0x00000000ef800000)
  to   space 2560K, 0% used [0x00000000ef300000,0x00000000ef300000,0x00000000ef580000)
 ParOldGen       total 44032K, used 17516K [0x00000000c1800000, 0x00000000c4300000, 0x00000000eb300000)
  object space 44032K, 39% used [0x00000000c1800000,0x00000000c291b160,0x00000000c4300000)
 Metaspace       used 20958K, capacity 21178K, committed 21296K, reserved 1069056K
  class space    used 2621K, capacity 2680K, committed 2688K, reserved 1048576K
Event: 6.845 GC heap after
Heap after GC invocations=5 (full 0):
 PSYoungGen      total 68096K, used 2533K [0x00000000eb300000, 0x00000000f4a00000, 0x0000000100000000)
  eden space 65536K, 0% used [0x00000000eb300000,0x00000000eb300000,0x00000000ef300000)
  from space 2560K, 98% used [0x00000000ef300000,0x00000000ef5796f0,0x00000000ef580000)
  to   space 11776K, 0% used [0x00000000f3e80000,0x00000000f3e80000,0x00000000f4a00000)
 ParOldGen       total 44032K, used 19510K [0x00000000c1800000, 0x00000000c4300000, 0x00000000eb300000)
  object space 44032K, 44% used [0x00000000c1800000,0x00000000c2b0dab8,0x00000000c4300000)
 Metaspace       used 20958K, capacity 21178K, committed 21296K, reserved 1069056K
  class space    used 2621K, capacity 2680K, committed 2688K, reserved 1048576K
}
Event: 6.845 GC heap before
{Heap before GC invocations=6 (full 1):
 PSYoungGen      total 68096K, used 2533K [0x00000000eb300000, 0x00000000f4a00000, 0x0000000100000000)
  eden space 65536K, 0% used [0x00000000eb300000,0x00000000eb300000,0x00000000ef300000)
  from space 2560K, 98% used [0x00000000ef300000,0x00000000ef5796f0,0x00000000ef580000)
  to   space 11776K, 0% used [0x00000000f3e80000,0x00000000f3e80000,0x00000000f4a00000)
 ParOldGen       total 44032K, used 19510K [0x00000000c1800000, 0x00000000c4300000, 0x00000000eb300000)
  object space 44032K, 44% used [0x00000000c1800000,0x00000000c2b0dab8,0x00000000c4300000)
 Metaspace       used 20958K, capacity 21178K, committed 21296K, reserved 1069056K
  class space    used 2621K, capacity 2680K, committed 2688K, reserved 1048576K
Event: 6.892 GC heap after
Heap after GC invocations=6 (full 1):
 PSYoungGen      total 68096K, used 0K [0x00000000eb300000, 0x00000000f4a00000, 0x0000000100000000)
  eden space 65536K, 0% used [0x00000000eb300000,0x00000000eb300000,0x00000000ef300000)
  from space 2560K, 0% used [0x00000000ef300000,0x00000000ef300000,0x00000000ef580000)
  to   space 11776K, 0% used [0x00000000f3e80000,0x00000000f3e80000,0x00000000f4a00000)
 ParOldGen       total 46080K, used 14273K [0x00000000c1800000, 0x00000000c4500000, 0x00000000eb300000)
  object space 46080K, 30% used [0x00000000c1800000,0x00000000c25f04f0,0x00000000c4500000)
 Metaspace       used 20958K, capacity 21178K, committed 21296K, reserved 1069056K
  class space    used 2621K, capacity 2680K, committed 2688K, reserved 1048576K
}
Event: 48.404 GC heap before
{Heap before GC invocations=7 (full 1):
 PSYoungGen      total 68096K, used 65536K [0x00000000eb300000, 0x00000000f4a00000, 0x0000000100000000)
  eden space 65536K, 100% used [0x00000000eb300000,0x00000000ef300000,0x00000000ef300000)
  from space 2560K, 0% used [0x00000000ef300000,0x00000000ef300000,0x00000000ef580000)
  to   space 11776K, 0% used [0x00000000f3e80000,0x00000000f3e80000,0x00000000f4a00000)
 ParOldGen       total 46080K, used 14273K [0x00000000c1800000, 0x00000000c4500000, 0x00000000eb300000)
  object space 46080K, 30% used [0x00000000c1800000,0x00000000c25f04f0,0x00000000c4500000)
 Metaspace       used 21667K, capacity 21932K, committed 22192K, reserved 1069056K
  class space    used 2648K, capacity 2715K, committed 2816K, reserved 1048576K
Event: 48.408 GC heap after
Heap after GC invocations=7 (full 1):
 PSYoungGen      total 104448K, used 772K [0x00000000eb300000, 0x00000000f3f80000, 0x0000000100000000)
  eden space 103424K, 0% used [0x00000000eb300000,0x00000000eb300000,0x00000000f1800000)
  from space 1024K, 75% used [0x00000000f3e80000,0x00000000f3f41058,0x00000000f3f80000)
  to   space 12288K, 0% used [0x00000000f2780000,0x00000000f2780000,0x00000000f3380000)
 ParOldGen       total 46080K, used 14281K [0x00000000c1800000, 0x00000000c4500000, 0x00000000eb300000)
  object space 46080K, 30% used [0x00000000c1800000,0x00000000c25f24f0,0x00000000c4500000)
 Metaspace       used 21667K, capacity 21932K, committed 22192K, reserved 1069056K
  class space    used 2648K, capacity 2715K, committed 2816K, reserved 1048576K
}
Event: 70.211 GC heap before
{Heap before GC invocations=8 (full 1):
 PSYoungGen      total 104448K, used 104196K [0x00000000eb300000, 0x00000000f3f80000, 0x0000000100000000)
  eden space 103424K, 100% used [0x00000000eb300000,0x00000000f1800000,0x00000000f1800000)
  from space 1024K, 75% used [0x00000000f3e80000,0x00000000f3f41058,0x00000000f3f80000)
  to   space 12288K, 0% used [0x00000000f2780000,0x00000000f2780000,0x00000000f3380000)
 ParOldGen       total 46080K, used 14281K [0x00000000c1800000, 0x00000000c4500000, 0x00000000eb300000)
  object space 46080K, 30% used [0x00000000c1800000,0x00000000c25f24f0,0x00000000c4500000)
 Metaspace       used 22022K, capacity 22316K, committed 22704K, reserved 1069056K
  class space    used 2649K, capacity 2715K, committed 2816K, reserved 1048576K
Event: 70.213 GC heap after
Heap after GC invocations=8 (full 1):
 PSYoungGen      total 115712K, used 814K [0x00000000eb300000, 0x00000000f3f80000, 0x0000000100000000)
  eden space 103424K, 0% used [0x00000000eb300000,0x00000000eb300000,0x00000000f1800000)
  from space 12288K, 6% used [0x00000000f2780000,0x00000000f284b8d0,0x00000000f3380000)
  to   space 1024K, 0% used [0x00000000f3e80000,0x00000000f3e80000,0x00000000f3f80000)
 ParOldGen       total 46080K, used 14289K [0x00000000c1800000, 0x00000000c4500000, 0x00000000eb300000)
  object space 46080K, 31% used [0x00000000c1800000,0x00000000c25f44f0,0x00000000c4500000)
 Metaspace       used 22022K, capacity 22316K, committed 22704K, reserved 1069056K
  class space    used 2649K, capacity 2715K, committed 2816K, reserved 1048576K
}

Deoptimization events (10 events):
Event: 6.789 Thread 0x0000000002864800 Uncommon trap: reason=predicate action=maybe_recompile pc=0x000000000309e448 method=org.apache.xmlbeans.impl.store.Saver.pushMappings(Lorg/apache/xmlbeans/impl/store/Saver$SaveCur;Z)V @ 43
Event: 6.800 Thread 0x0000000002864800 Uncommon trap: reason=speculate_class_check action=maybe_recompile pc=0x000000000307a914 method=org.apache.xmlbeans.impl.store.Saver$SaveCur.isText()Z @ 1
Event: 6.800 Thread 0x0000000002864800 Uncommon trap: reason=speculate_class_check action=maybe_recompile pc=0x000000000307a914 method=org.apache.xmlbeans.impl.store.Saver$SaveCur.isText()Z @ 1
Event: 67.541 Thread 0x0000000002864800 Uncommon trap: reason=unstable_if action=reinterpret pc=0x000000000333b04c method=com.google.gson.stream.JsonWriter.string(Ljava/lang/String;)V @ 57
Event: 67.541 Thread 0x0000000002864800 Uncommon trap: reason=unstable_if action=reinterpret pc=0x0000000002b4029c method=sun.nio.cs.UTF_8$Encoder.encode([CII[B)I @ 33
Event: 67.542 Thread 0x0000000002864800 Uncommon trap: reason=unstable_if action=reinterpret pc=0x000000000328ee74 method=org.apache.http.impl.conn.Wire.wire(Ljava/lang/String;Ljava/io/InputStream;)V @ 122
Event: 70.222 Thread 0x0000000002864800 Uncommon trap: reason=unstable_if action=reinterpret pc=0x0000000003077c28 method=java.util.HashMap.removeNode(ILjava/lang/Object;Ljava/lang/Object;ZZ)Ljava/util/HashMap$Node; @ 58
Event: 70.223 Thread 0x0000000002864800 Uncommon trap: reason=unstable_if action=reinterpret pc=0x0000000002bea640 method=java.util.HashMap.removeNode(ILjava/lang/Object;Ljava/lang/Object;ZZ)Ljava/util/HashMap$Node; @ 133
Event: 90.953 Thread 0x0000000002864800 Uncommon trap: reason=null_check action=make_not_entrant pc=0x0000000003429554 method=org.apache.xmlbeans.impl.store.Saver.addNewFrameMapping(Ljava/lang/String;Ljava/lang/String;Z)V @ 68
Event: 103.127 Thread 0x0000000002864800 Uncommon trap: reason=unstable_if action=reinterpret pc=0x00000000033ff540 method=com.google.gson.stream.JsonReader.nextQuotedValue(C)Ljava/lang/String; @ 81

Internal exceptions (10 events):
Event: 105.288 Thread 0x0000000002864800 Exception <a 'java/net/SocketTimeoutException': Read timed out> (0x00000000efe792c0) thrown at [C:\re\workspace\8-2-build-windows-amd64-cygwin\jdk8u51\3951\hotspot\src\share\vm\prims\jni.cpp, line 735]
Event: 105.325 Thread 0x0000000002864800 Exception <a 'java/net/SocketTimeoutException': Read timed out> (0x00000000efe8ac70) thrown at [C:\re\workspace\8-2-build-windows-amd64-cygwin\jdk8u51\3951\hotspot\src\share\vm\prims\jni.cpp, line 735]
Event: 105.344 Thread 0x0000000002864800 Exception <a 'java/net/SocketTimeoutException': Read timed out> (0x00000000efe9c5b0) thrown at [C:\re\workspace\8-2-build-windows-amd64-cygwin\jdk8u51\3951\hotspot\src\share\vm\prims\jni.cpp, line 735]
Event: 105.350 Thread 0x0000000002864800 Exception <a 'java/net/SocketTimeoutException': Read timed out> (0x00000000efeae908) thrown at [C:\re\workspace\8-2-build-windows-amd64-cygwin\jdk8u51\3951\hotspot\src\share\vm\prims\jni.cpp, line 735]
Event: 105.529 Thread 0x0000000002864800 Exception <a 'java/net/SocketTimeoutException': Read timed out> (0x00000000f00e8fe0) thrown at [C:\re\workspace\8-2-build-windows-amd64-cygwin\jdk8u51\3951\hotspot\src\share\vm\prims\jni.cpp, line 735]
Event: 105.530 Thread 0x0000000002864800 Exception <a 'java/net/SocketTimeoutException': Read timed out> (0x00000000f00fa2c8) thrown at [C:\re\workspace\8-2-build-windows-amd64-cygwin\jdk8u51\3951\hotspot\src\share\vm\prims\jni.cpp, line 735]
Event: 105.532 Thread 0x0000000002864800 Exception <a 'java/net/SocketTimeoutException': Read timed out> (0x00000000f010efa8) thrown at [C:\re\workspace\8-2-build-windows-amd64-cygwin\jdk8u51\3951\hotspot\src\share\vm\prims\jni.cpp, line 735]
Event: 105.548 Thread 0x0000000002864800 Exception <a 'java/net/SocketTimeoutException': Read timed out> (0x00000000f0121850) thrown at [C:\re\workspace\8-2-build-windows-amd64-cygwin\jdk8u51\3951\hotspot\src\share\vm\prims\jni.cpp, line 735]
Event: 109.612 Thread 0x0000000002864800 Exception <a 'java/lang/OutOfMemoryError'> (0x00000000f02e7a40) thrown at [C:\re\workspace\8-2-build-windows-amd64-cygwin\jdk8u51\3951\hotspot\src\share\vm\prims\jni.cpp, line 735]
Event: 109.612 Thread 0x0000000002864800 Exception <a 'java/lang/reflect/InvocationTargetException'> (0x00000000f02e7d80) thrown at [C:\re\workspace\8-2-build-windows-amd64-cygwin\jdk8u51\3951\hotspot\src\share\vm\runtime\reflection.cpp, line 1080]

Events (10 events):
Event: 103.151 loading class java/math/BigDecimal$StringBuilderHelper done
Event: 103.152 loading class com/google/common/base/Throwables
Event: 103.152 loading class com/google/common/base/Throwables done
Event: 103.384 Thread 0x0000000002864800 DEOPT PACKING pc=0x00000000033e9ba7 sp=0x000000000285d660
Event: 103.384 Thread 0x0000000002864800 DEOPT UNPACKING pc=0x00000000029a787f sp=0x000000000285d3b0 mode 0
Event: 103.684 Thread 0x0000000002864800 DEOPT PACKING pc=0x0000000003433c98 sp=0x000000000285d5a0
Event: 103.684 Thread 0x0000000002864800 DEOPT UNPACKING pc=0x00000000029a787f sp=0x000000000285d330 mode 0
Event: 109.613 loading class org/testng/SkipException
Event: 109.613 loading class org/testng/SkipException done
Event: 109.613 loading class java/lang/Throwable$WrappedPrintWriter


Dynamic libraries:
0x00007ff66e440000 - 0x00007ff66e477000 	C:\Program Files\Java\jre1.8.0_51\bin\javaw.exe
0x00007ffcc7210000 - 0x00007ffcc73bd000 	C:\Windows\SYSTEM32\ntdll.dll
0x00007ffcc6c80000 - 0x00007ffcc6dbf000 	C:\Windows\system32\KERNEL32.DLL
0x00007ffcc4720000 - 0x00007ffcc4835000 	C:\Windows\system32\KERNELBASE.dll
0x00007ffcc2ad0000 - 0x00007ffcc2b5e000 	C:\Windows\system32\apphelp.dll
0x00007ffca1660000 - 0x00007ffca16b5000 	C:\Windows\AppPatch\AppPatch64\AcGenral.DLL
0x00007ffcc65c0000 - 0x00007ffcc666a000 	C:\Windows\system32\msvcrt.dll
0x00007ffcc44b0000 - 0x00007ffcc44de000 	C:\Windows\system32\SspiCli.dll
0x00007ffcc7020000 - 0x00007ffcc7074000 	C:\Windows\system32\SHLWAPI.dll
0x00007ffcc6e90000 - 0x00007ffcc7007000 	C:\Windows\system32\USER32.dll
0x00007ffcc6830000 - 0x00007ffcc69c5000 	C:\Windows\system32\ole32.dll
0x00007ffcc4bb0000 - 0x00007ffcc60de000 	C:\Windows\system32\SHELL32.dll
0x00007ffcc38b0000 - 0x00007ffcc38d1000 	C:\Windows\SYSTEM32\USERENV.dll
0x00007ffcc4b00000 - 0x00007ffcc4baa000 	C:\Windows\system32\ADVAPI32.dll
0x00007ffcc6c50000 - 0x00007ffcc6c6e000 	C:\Windows\system32\MPR.dll
0x00007ffcc6480000 - 0x00007ffcc65ba000 	C:\Windows\system32\RPCRT4.dll
0x00007ffcc6420000 - 0x00007ffcc6478000 	C:\Windows\SYSTEM32\sechost.dll
0x00007ffcc6a30000 - 0x00007ffcc6c41000 	C:\Windows\SYSTEM32\combase.dll
0x00007ffcc4950000 - 0x00007ffcc4a9e000 	C:\Windows\system32\GDI32.dll
0x00007ffcc42e0000 - 0x00007ffcc42f5000 	C:\Windows\SYSTEM32\profapi.dll
0x00007ffcc2fd0000 - 0x00007ffcc3082000 	C:\Windows\SYSTEM32\SHCORE.dll
0x00007ffcc4840000 - 0x00007ffcc4876000 	C:\Windows\system32\IMM32.DLL
0x00007ffcc7090000 - 0x00007ffcc71e1000 	C:\Windows\system32\MSCTF.dll
0x00007ffcc1f30000 - 0x00007ffcc21ab000 	C:\Windows\WinSxS\amd64_microsoft.windows.common-controls_6595b64144ccf1df_6.0.9600.19394_none_62486577ecb635cf\COMCTL32.dll
0x00000000652d0000 - 0x00000000653a2000 	C:\Program Files\Java\jre1.8.0_51\bin\msvcr100.dll
0x0000000065480000 - 0x0000000065d03000 	C:\Program Files\Java\jre1.8.0_51\bin\server\jvm.dll
0x00007ffcc62c0000 - 0x00007ffcc62c9000 	C:\Windows\system32\WSOCK32.dll
0x00007ffcbb3d0000 - 0x00007ffcbb3f2000 	C:\Windows\SYSTEM32\WINMM.dll
0x00007ffcc7080000 - 0x00007ffcc708a000 	C:\Windows\system32\VERSION.dll
0x00007ffcc6400000 - 0x00007ffcc6407000 	C:\Windows\system32\PSAPI.DLL
0x00007ffcc4aa0000 - 0x00007ffcc4afa000 	C:\Windows\system32\WS2_32.dll
0x00007ffcbb3a0000 - 0x00007ffcbb3ca000 	C:\Windows\SYSTEM32\WINMMBASE.dll
0x00007ffcc4880000 - 0x00007ffcc4889000 	C:\Windows\system32\NSI.dll
0x00007ffcc4460000 - 0x00007ffcc44af000 	C:\Windows\SYSTEM32\cfgmgr32.dll
0x00007ffcc2d70000 - 0x00007ffcc2d98000 	C:\Windows\SYSTEM32\DEVOBJ.dll
0x0000000065470000 - 0x000000006547f000 	C:\Program Files\Java\jre1.8.0_51\bin\verify.dll
0x0000000065440000 - 0x0000000065469000 	C:\Program Files\Java\jre1.8.0_51\bin\java.dll
0x0000000065420000 - 0x0000000065436000 	C:\Program Files\Java\jre1.8.0_51\bin\zip.dll
0x0000000065400000 - 0x000000006541a000 	C:\Program Files\Java\jre1.8.0_51\bin\net.dll
0x00007ffcc3160000 - 0x00007ffcc3304000 	C:\Windows\system32\mwtsp.dll
0x00007ffcc3090000 - 0x00007ffcc3159000 	C:\Windows\SYSTEM32\WINHTTP.dll
0x00007ffcc3b20000 - 0x00007ffcc3b79000 	C:\Windows\system32\mswsock.dll
0x00007ffcc3920000 - 0x00007ffcc39c4000 	C:\Windows\SYSTEM32\DNSAPI.dll
0x00000000663c0000 - 0x00000000663e6000 	C:\Program Files\Bonjour\mdnsNSP.dll
0x00007ffcbf5a0000 - 0x00007ffcbf5ca000 	C:\Windows\SYSTEM32\Iphlpapi.DLL
0x00007ffcbf590000 - 0x00007ffcbf59a000 	C:\Windows\SYSTEM32\WINNSI.DLL
0x00007ffcbddf0000 - 0x00007ffcbddfa000 	C:\Windows\System32\rasadhlp.dll
0x00007ffcbf3a0000 - 0x00007ffcbf40b000 	C:\Windows\System32\fwpuclnt.dll
0x00007ffcc3b80000 - 0x00007ffcc3ba0000 	C:\Windows\SYSTEM32\CRYPTSP.dll
0x00007ffcc37a0000 - 0x00007ffcc37d6000 	C:\Windows\system32\rsaenh.dll
0x00007ffcc3e10000 - 0x00007ffcc3e36000 	C:\Windows\SYSTEM32\bcrypt.dll
0x00007ffcc40e0000 - 0x00007ffcc4143000 	C:\Windows\system32\bcryptprimitives.dll
0x00007ffcc4250000 - 0x00007ffcc425b000 	C:\Windows\SYSTEM32\CRYPTBASE.dll
0x00007ffcbed30000 - 0x00007ffcbed46000 	C:\Windows\SYSTEM32\dhcpcsvc6.DLL
0x00007ffcbed10000 - 0x00007ffcbed2a000 	C:\Windows\SYSTEM32\dhcpcsvc.DLL
0x00000000653e0000 - 0x00000000653f1000 	C:\Program Files\Java\jre1.8.0_51\bin\nio.dll
0x00007ffcc35c0000 - 0x00007ffcc35f2000 	C:\Windows\SYSTEM32\ntmarta.dll
0x00000000653b0000 - 0x00000000653d4000 	C:\Program Files\Java\jre1.8.0_51\bin\sunec.dll

VM Arguments:
jvm_args: -ea -Dfile.encoding=Cp1252 
java_command: org.testng.remote.RemoteTestNG -serport 61002 -d F:\Sreerag-DATA\Selenium\Workspace\Wrench_Framework\test-output F:\Sreerag-DATA\Selenium\Workspace\Wrench_Framework\src\Wrench Scenario.xml
java_class_path (initial): F:\Sreerag-DATA\Selenium\Workspace\Wrench_Framework\bin;F:\Sreerag-DATA\Software\eclipse\plugins\org.testng.eclipse_6.9.5.201508210528\lib\testng.jar;F:\Sreerag-DATA\Software\eclipse\plugins\org.testng.eclipse_6.9.5.201508210528\lib\jcommander.jar;F:\Sreerag-DATA\Software\eclipse\plugins\org.testng.eclipse_6.9.5.201508210528\lib\bsh-2.0b4.jar;F:\Sreerag-DATA\Software\eclipse\plugins\org.testng.eclipse_6.9.5.201508210528\lib\snakeyaml.jar;F:\Sreerag-DATA\Selenium\Workspace\Wrench_Framework\lib\Selenium_2.46\apache-mime4j-0.6.jar;F:\Sreerag-DATA\Selenium\Workspace\Wrench_Framework\lib\Selenium_2.46\bsh-1.3.0.jar;F:\Sreerag-DATA\Selenium\Workspace\Wrench_Framework\lib\Selenium_2.46\cglib-nodep-2.1_3.jar;F:\Sreerag-DATA\Selenium\Workspace\Wrench_Framework\lib\Selenium_2.46\commons-codec-1.10.jar;F:\Sreerag-DATA\Selenium\Workspace\Wrench_Framework\lib\Selenium_2.46\commons-collections-3.2.1.jar;F:\Sreerag-DATA\Selenium\Workspace\Wrench_Framework\lib\Selenium_2.46\commons-exec-1.3.jar;F:\Sreerag-DATA\Selenium\Workspace\Wrench_Framework\lib\Selenium_2.46\commons-io-2.4.jar;F:\Sreerag-DATA\Selenium\Workspace\Wrench_Framework\lib\Selenium_2.46\commons-lang3-3.4.jar;F:\Sreerag-DATA\Selenium\Workspace\Wrench_Framework\lib\Selenium_2.46\commons-logging-1.1.3.jar;F:\Sreerag-DATA\Selenium\Workspace\Wrench_Framework\lib\Selenium_2.46\cssparser-0.9.16.jar;F:\Sreerag-DATA\Selenium\Workspace\Wrench_Framework\lib\Selenium_2.46\gson-2.3.1.jar;F:\Sreerag-DATA\Selenium\Workspace\Wrench_Framework\lib\Selenium_2.46\guava-18.0.jar;F:\Sreerag-DATA\Selenium\Workspace\Wrench_Framework\lib\Selenium_2.46\hamcrest-core-1.3.jar;F:\Sreerag-DATA\Selenium\Workspace\Wrench_Framework\lib\Selenium_2.46\hamcrest-library-1.3.jar;F:\Sreerag-DATA\Selenium\Workspace\Wrench_Framework\lib\Selenium_2.46\htmlunit-2.17.jar;F:\Sreerag-DATA\Selenium\Workspace\Wrench_Framework\lib\Selenium_2.46\htmlunit-core-js-2.17.jar;F:\Sreerag-DATA\Selenium\Workspace\Wrench_Framework\lib\Selenium_2.4
Launcher Type: SUN_STANDARD

Environment Variables:
JRE_HOME=C:\Program Files\Java\jre1.8.0_51
PATH=C:/Program Files/Java/jre1.8.0_51/bin/server;C:/Program Files/Java/jre1.8.0_51/bin;C:/Program Files/Java/jre1.8.0_51/lib/amd64;C:\Windows\system32;C:\Windows;C:\Windows\system32\Wbem;C:\ProgramData\Oracle\Java\javapath;C:\Windows\System32\WindowsPowerShell\v1.0\;C:\Program Files\Common Files\Autodesk Shared\;C:\Program Files (x86)\QuickTime\QTSystem\;F:\Sreerag-DATA\Software\eclipse;
USERNAME=sreeraag
OS=Windows_NT
PROCESSOR_IDENTIFIER=Intel64 Family 6 Model 60 Stepping 3, GenuineIntel



---------------  S Y S T E M  ---------------

OS: Windows 8.1 , 64 bit Build 9600 (6.3.9600.20062)

CPU:total 4 (4 cores per cpu, 1 threads per core) family 6 model 60 stepping 3, cmov, cx8, fxsr, mmx, sse, sse2, sse3, ssse3, sse4.1, sse4.2, popcnt, avx, avx2, aes, clmul, erms, lzcnt, tsc, tscinvbit, bmi1, bmi2

Memory: 4k page, physical 4088100k(386628k free), swap 7233828k(4400k free)

vm_info: Java HotSpot(TM) 64-Bit Server VM (25.51-b03) for windows-amd64 JRE (1.8.0_51-b16), built on Jun  8 2015 18:03:07 by "java_re" with MS VC++ 10.0 (VS2010)

time: Mon Oct 04 19:49:33 2021
elapsed time: 109 seconds (0d 0h 1m 49s)

