#
# There is insufficient memory for the Java Runtime Environment to continue.
# Native memory allocation (malloc) failed to allocate 1227136 bytes for Chunk::new
# Possible reasons:
#   The system is out of physical RAM or swap space
#   In 32 bit mode, the process size limit was hit
# Possible solutions:
#   Reduce memory load on the system
#   Increase physical memory or swap space
#   Check if swap backing store is full
#   Use 64 bit Java on a 64 bit OS
#   Decrease Java heap size (-Xmx/-Xms)
#   Decrease number of Java threads
#   Decrease Java thread stack sizes (-Xss)
#   Set larger code cache with -XX:ReservedCodeCacheSize=
# This output file may be truncated or incomplete.
#
#  Out of Memory Error (allocation.cpp:390), pid=13196, tid=12492
#
# JRE version: Java(TM) SE Runtime Environment (8.0_51-b16) (build 1.8.0_51-b16)
# Java VM: Java HotSpot(TM) 64-Bit Server VM (25.51-b03 mixed mode windows-amd64 compressed oops)
# Failed to write core dump. Minidumps are not enabled by default on client versions of Windows
#

---------------  T H R E A D  ---------------

Current thread (0x0000000014ac2000):  JavaThread "C2 CompilerThread0" daemon [_thread_in_native, id=12492, stack(0x0000000016010000,0x0000000016110000)]

Stack: [0x0000000016010000,0x0000000016110000]
Native frames: (J=compiled Java code, j=interpreted, Vv=VM code, C=native code)
V  [jvm.dll+0x32b4ca]


Current CompileTask:
C2: 162610 4198       4       org.apache.xmlbeans.impl.store.Saver$FragSaveCur::computeAncestorNamespaces (96 bytes)


---------------  P R O C E S S  ---------------

Java Threads: ( => current thread )
  0x0000000018141800 JavaThread "Exec Stream Pumper" daemon [_thread_in_native, id=10356, stack(0x000000001a940000,0x000000001aa40000)]
  0x0000000016516000 JavaThread "Exec Stream Pumper" daemon [_thread_in_native, id=7376, stack(0x000000001a840000,0x000000001a940000)]
  0x0000000016515800 JavaThread "UrlChecker-3" daemon [_thread_blocked, id=7912, stack(0x0000000019570000,0x0000000019670000)]
  0x000000001a63e800 JavaThread "Exec Default Executor" daemon [_thread_in_native, id=13144, stack(0x0000000019370000,0x0000000019470000)]
  0x0000000016b9e800 JavaThread "Exec Stream Pumper" daemon [_thread_in_native, id=3540, stack(0x0000000019270000,0x0000000019370000)]
  0x0000000017c3e000 JavaThread "Exec Stream Pumper" daemon [_thread_in_native, id=8260, stack(0x0000000019170000,0x0000000019270000)]
  0x0000000017c41000 JavaThread "Exec Default Executor" daemon [_thread_in_native, id=8720, stack(0x0000000019070000,0x0000000019170000)]
  0x0000000016dbb000 JavaThread "ReaderThread" [_thread_in_native, id=11964, stack(0x00000000175a0000,0x00000000176a0000)]
  0x0000000014b1e000 JavaThread "Service Thread" daemon [_thread_blocked, id=6876, stack(0x0000000016710000,0x0000000016810000)]
  0x0000000014aca800 JavaThread "C1 CompilerThread2" daemon [_thread_blocked, id=6688, stack(0x0000000016210000,0x0000000016310000)]
  0x0000000014ac6800 JavaThread "C2 CompilerThread1" daemon [_thread_blocked, id=5956, stack(0x0000000016110000,0x0000000016210000)]
=>0x0000000014ac2000 JavaThread "C2 CompilerThread0" daemon [_thread_in_native, id=12492, stack(0x0000000016010000,0x0000000016110000)]
  0x0000000014ac0800 JavaThread "Attach Listener" daemon [_thread_blocked, id=8140, stack(0x0000000015f10000,0x0000000016010000)]
  0x0000000014abf800 JavaThread "Signal Dispatcher" daemon [_thread_blocked, id=3252, stack(0x0000000015e10000,0x0000000015f10000)]
  0x00000000024cd000 JavaThread "Finalizer" daemon [_thread_blocked, id=12444, stack(0x0000000015d10000,0x0000000015e10000)]
  0x00000000024c4000 JavaThread "Reference Handler" daemon [_thread_blocked, id=5652, stack(0x0000000015c10000,0x0000000015d10000)]
  0x00000000023d4800 JavaThread "Forwarding findElement on session 85bb0bc7f73c3185db24942c68db6066 to remote" [_thread_in_native, id=7540, stack(0x00000000022d0000,0x00000000023d0000)]

Other Threads:
  0x0000000014a88800 VMThread [stack: 0x0000000015b10000,0x0000000015c10000] [id=12804]
  0x0000000016367000 WatcherThread [stack: 0x0000000016810000,0x0000000016910000] [id=12320]

VM state:not at safepoint (normal execution)

VM Mutex/Monitor currently owned by a thread: None

Heap:
 PSYoungGen      total 26112K, used 23482K [0x00000000eb300000, 0x00000000eda80000, 0x0000000100000000)
  eden space 25088K, 91% used [0x00000000eb300000,0x00000000ec952440,0x00000000ecb80000)
  from space 1024K, 61% used [0x00000000ecc00000,0x00000000ecc9c4e8,0x00000000ecd00000)
  to   space 7680K, 0% used [0x00000000ed300000,0x00000000ed300000,0x00000000eda80000)
 ParOldGen       total 46080K, used 17118K [0x00000000c1800000, 0x00000000c4500000, 0x00000000eb300000)
  object space 46080K, 37% used [0x00000000c1800000,0x00000000c28b78a0,0x00000000c4500000)
 Metaspace       used 22444K, capacity 22732K, committed 22960K, reserved 1069056K
  class space    used 2658K, capacity 2747K, committed 2816K, reserved 1048576K

Card table byte_map: [0x0000000011890000,0x0000000011a90000] byte_map_base: 0x0000000011284000

Marking Bits: (ParMarkBitMap*) 0x0000000065c84040
 Begin Bits: [0x0000000011fe0000, 0x0000000012f80000)
 End Bits:   [0x0000000012f80000, 0x0000000013f20000)

Polling page: 0x0000000000970000

CodeCache: size=245760Kb used=12692Kb max_used=12704Kb free=233067Kb
 bounds [0x00000000024d0000, 0x0000000003150000, 0x00000000114d0000]
 total_blobs=3930 nmethods=3498 adapters=343
 compilation: enabled

Compilation events (10 events):
Event: 161.919 Thread 0x0000000014aca800 nmethod 4194 0x0000000003140e50 code [0x0000000003141000, 0x0000000003141658]
Event: 161.919 Thread 0x0000000014aca800 4195       3       java.util.LinkedList$ListItr::remove (84 bytes)
Event: 161.919 Thread 0x0000000014aca800 nmethod 4195 0x0000000003141950 code [0x0000000003141b00, 0x0000000003142088]
Event: 161.919 Thread 0x0000000014aca800 4196       3       org.apache.http.impl.conn.CPoolEntry::isExpired (71 bytes)
Event: 161.921 Thread 0x0000000014aca800 nmethod 4196 0x0000000003142290 code [0x00000000031425a0, 0x00000000031440a8]
Event: 161.926 Thread 0x0000000014ac6800 4197       4       com.google.gson.internal.$Gson$Types::getRawType (158 bytes)
Event: 161.927 Thread 0x0000000014ac6800 nmethod 4197 0x0000000002de3e90 code [0x0000000002de3fe0, 0x0000000002de40f8]
Event: 162.478 Thread 0x0000000014ac2000 4198       4       org.apache.xmlbeans.impl.store.Saver$FragSaveCur::computeAncestorNamespaces (96 bytes)
Event: 162.483 Thread 0x0000000014ac6800 4199       4       java.nio.charset.Charset::lookup (44 bytes)
Event: 162.488 Thread 0x0000000014ac6800 nmethod 4199 0x0000000003145b10 code [0x0000000003145ca0, 0x0000000003146120]

GC Heap History (10 events):
Event: 108.142 GC heap before
{Heap before GC invocations=16 (full 1):
 PSYoungGen      total 36352K, used 28214K [0x00000000eb300000, 0x00000000ee100000, 0x0000000100000000)
  eden space 27648K, 100% used [0x00000000eb300000,0x00000000ece00000,0x00000000ece00000)
  from space 8704K, 6% used [0x00000000ed880000,0x00000000ed90d948,0x00000000ee100000)
  to   space 9728K, 0% used [0x00000000ece00000,0x00000000ece00000,0x00000000ed780000)
 ParOldGen       total 46080K, used 17086K [0x00000000c1800000, 0x00000000c4500000, 0x00000000eb300000)
  object space 46080K, 37% used [0x00000000c1800000,0x00000000c28af8a0,0x00000000c4500000)
 Metaspace       used 22277K, capacity 22540K, committed 22704K, reserved 1069056K
  class space    used 2653K, capacity 2747K, committed 2816K, reserved 1048576K
Event: 108.145 GC heap after
Heap after GC invocations=16 (full 1):
 PSYoungGen      total 27648K, used 369K [0x00000000eb300000, 0x00000000edf80000, 0x0000000100000000)
  eden space 27136K, 0% used [0x00000000eb300000,0x00000000eb300000,0x00000000ecd80000)
  from space 512K, 72% used [0x00000000ece00000,0x00000000ece5c4b0,0x00000000ece80000)
  to   space 9216K, 0% used [0x00000000ed680000,0x00000000ed680000,0x00000000edf80000)
 ParOldGen       total 46080K, used 17094K [0x00000000c1800000, 0x00000000c4500000, 0x00000000eb300000)
  object space 46080K, 37% used [0x00000000c1800000,0x00000000c28b18a0,0x00000000c4500000)
 Metaspace       used 22277K, capacity 22540K, committed 22704K, reserved 1069056K
  class space    used 2653K, capacity 2747K, committed 2816K, reserved 1048576K
}
Event: 120.428 GC heap before
{Heap before GC invocations=17 (full 1):
 PSYoungGen      total 27648K, used 27505K [0x00000000eb300000, 0x00000000edf80000, 0x0000000100000000)
  eden space 27136K, 100% used [0x00000000eb300000,0x00000000ecd80000,0x00000000ecd80000)
  from space 512K, 72% used [0x00000000ece00000,0x00000000ece5c4b0,0x00000000ece80000)
  to   space 9216K, 0% used [0x00000000ed680000,0x00000000ed680000,0x00000000edf80000)
 ParOldGen       total 46080K, used 17094K [0x00000000c1800000, 0x00000000c4500000, 0x00000000eb300000)
  object space 46080K, 37% used [0x00000000c1800000,0x00000000c28b18a0,0x00000000c4500000)
 Metaspace       used 22307K, capacity 22604K, committed 22960K, reserved 1069056K
  class space    used 2653K, capacity 2747K, committed 2816K, reserved 1048576K
Event: 120.430 GC heap after
Heap after GC invocations=17 (full 1):
 PSYoungGen      total 35328K, used 718K [0x00000000eb300000, 0x00000000edf00000, 0x0000000100000000)
  eden space 26624K, 0% used [0x00000000eb300000,0x00000000eb300000,0x00000000ecd00000)
  from space 8704K, 8% used [0x00000000ed680000,0x00000000ed733bc0,0x00000000edf00000)
  to   space 9216K, 0% used [0x00000000ecd00000,0x00000000ecd00000,0x00000000ed600000)
 ParOldGen       total 46080K, used 17102K [0x00000000c1800000, 0x00000000c4500000, 0x00000000eb300000)
  object space 46080K, 37% used [0x00000000c1800000,0x00000000c28b38a0,0x00000000c4500000)
 Metaspace       used 22307K, capacity 22604K, committed 22960K, reserved 1069056K
  class space    used 2653K, capacity 2747K, committed 2816K, reserved 1048576K
}
Event: 135.488 GC heap before
{Heap before GC invocations=18 (full 1):
 PSYoungGen      total 35328K, used 27342K [0x00000000eb300000, 0x00000000edf00000, 0x0000000100000000)
  eden space 26624K, 100% used [0x00000000eb300000,0x00000000ecd00000,0x00000000ecd00000)
  from space 8704K, 8% used [0x00000000ed680000,0x00000000ed733bc0,0x00000000edf00000)
  to   space 9216K, 0% used [0x00000000ecd00000,0x00000000ecd00000,0x00000000ed600000)
 ParOldGen       total 46080K, used 17102K [0x00000000c1800000, 0x00000000c4500000, 0x00000000eb300000)
  object space 46080K, 37% used [0x00000000c1800000,0x00000000c28b38a0,0x00000000c4500000)
 Metaspace       used 22324K, capacity 22604K, committed 22960K, reserved 1069056K
  class space    used 2653K, capacity 2747K, committed 2816K, reserved 1048576K
Event: 135.490 GC heap after
Heap after GC invocations=18 (full 1):
 PSYoungGen      total 27136K, used 695K [0x00000000eb300000, 0x00000000edd80000, 0x0000000100000000)
  eden space 26112K, 0% used [0x00000000eb300000,0x00000000eb300000,0x00000000ecc80000)
  from space 1024K, 67% used [0x00000000ecd00000,0x00000000ecdadf90,0x00000000ece00000)
  to   space 8704K, 0% used [0x00000000ed500000,0x00000000ed500000,0x00000000edd80000)
 ParOldGen       total 46080K, used 17102K [0x00000000c1800000, 0x00000000c4500000, 0x00000000eb300000)
  object space 46080K, 37% used [0x00000000c1800000,0x00000000c28b38a0,0x00000000c4500000)
 Metaspace       used 22324K, capacity 22604K, committed 22960K, reserved 1069056K
  class space    used 2653K, capacity 2747K, committed 2816K, reserved 1048576K
}
Event: 147.791 GC heap before
{Heap before GC invocations=19 (full 1):
 PSYoungGen      total 27136K, used 26759K [0x00000000eb300000, 0x00000000edd80000, 0x0000000100000000)
  eden space 26112K, 99% used [0x00000000eb300000,0x00000000ecc73d98,0x00000000ecc80000)
  from space 1024K, 67% used [0x00000000ecd00000,0x00000000ecdadf90,0x00000000ece00000)
  to   space 8704K, 0% used [0x00000000ed500000,0x00000000ed500000,0x00000000edd80000)
 ParOldGen       total 46080K, used 17102K [0x00000000c1800000, 0x00000000c4500000, 0x00000000eb300000)
  object space 46080K, 37% used [0x00000000c1800000,0x00000000c28b38a0,0x00000000c4500000)
 Metaspace       used 22366K, capacity 22604K, committed 22960K, reserved 1069056K
  class space    used 2653K, capacity 2747K, committed 2816K, reserved 1048576K
Event: 147.797 GC heap after
Heap after GC invocations=19 (full 1):
 PSYoungGen      total 32768K, used 657K [0x00000000eb300000, 0x00000000edc00000, 0x0000000100000000)
  eden space 25600K, 0% used [0x00000000eb300000,0x00000000eb300000,0x00000000ecc00000)
  from space 7168K, 9% used [0x00000000ed500000,0x00000000ed5a44c0,0x00000000edc00000)
  to   space 8192K, 0% used [0x00000000ecc00000,0x00000000ecc00000,0x00000000ed400000)
 ParOldGen       total 46080K, used 17110K [0x00000000c1800000, 0x00000000c4500000, 0x00000000eb300000)
  object space 46080K, 37% used [0x00000000c1800000,0x00000000c28b58a0,0x00000000c4500000)
 Metaspace       used 22366K, capacity 22604K, committed 22960K, reserved 1069056K
  class space    used 2653K, capacity 2747K, committed 2816K, reserved 1048576K
}
Event: 159.095 GC heap before
{Heap before GC invocations=20 (full 1):
 PSYoungGen      total 32768K, used 26187K [0x00000000eb300000, 0x00000000edc00000, 0x0000000100000000)
  eden space 25600K, 99% used [0x00000000eb300000,0x00000000ecbeea80,0x00000000ecc00000)
  from space 7168K, 9% used [0x00000000ed500000,0x00000000ed5a44c0,0x00000000edc00000)
  to   space 8192K, 0% used [0x00000000ecc00000,0x00000000ecc00000,0x00000000ed400000)
 ParOldGen       total 46080K, used 17110K [0x00000000c1800000, 0x00000000c4500000, 0x00000000eb300000)
  object space 46080K, 37% used [0x00000000c1800000,0x00000000c28b58a0,0x00000000c4500000)
 Metaspace       used 22397K, capacity 22668K, committed 22960K, reserved 1069056K
  class space    used 2657K, capacity 2747K, committed 2816K, reserved 1048576K
Event: 159.097 GC heap after
Heap after GC invocations=20 (full 1):
 PSYoungGen      total 26112K, used 625K [0x00000000eb300000, 0x00000000eda80000, 0x0000000100000000)
  eden space 25088K, 0% used [0x00000000eb300000,0x00000000eb300000,0x00000000ecb80000)
  from space 1024K, 61% used [0x00000000ecc00000,0x00000000ecc9c4e8,0x00000000ecd00000)
  to   space 7680K, 0% used [0x00000000ed300000,0x00000000ed300000,0x00000000eda80000)
 ParOldGen       total 46080K, used 17118K [0x00000000c1800000, 0x00000000c4500000, 0x00000000eb300000)
  object space 46080K, 37% used [0x00000000c1800000,0x00000000c28b78a0,0x00000000c4500000)
 Metaspace       used 22397K, capacity 22668K, committed 22960K, reserved 1069056K
  class space    used 2657K, capacity 2747K, committed 2816K, reserved 1048576K
}

Deoptimization events (10 events):
Event: 132.627 Thread 0x0000000016515800 Uncommon trap: reason=speculate_class_check action=maybe_recompile pc=0x00000000028dba44 method=java.nio.charset.CharsetEncoder.encode(Ljava/nio/CharBuffer;Ljava/nio/ByteBuffer;Z)Ljava/nio/charset/CoderResult; @ 57
Event: 132.627 Thread 0x0000000016515800 Uncommon trap: reason=bimorphic action=maybe_recompile pc=0x00000000029448d0 method=sun.nio.cs.StreamEncoder.writeBytes()V @ 120
Event: 132.627 Thread 0x0000000016515800 Uncommon trap: reason=speculate_class_check action=maybe_recompile pc=0x0000000002b1dda8 method=java.nio.charset.CharsetEncoder.encode(Ljava/nio/CharBuffer;Ljava/nio/ByteBuffer;Z)Ljava/nio/charset/CoderResult; @ 57
Event: 132.627 Thread 0x0000000016515800 Uncommon trap: reason=bimorphic action=maybe_recompile pc=0x00000000029448d0 method=sun.nio.cs.StreamEncoder.writeBytes()V @ 120
Event: 132.627 Thread 0x0000000016515800 Uncommon trap: reason=speculate_class_check action=maybe_recompile pc=0x0000000002b1dda8 method=java.nio.charset.CharsetEncoder.encode(Ljava/nio/CharBuffer;Ljava/nio/ByteBuffer;Z)Ljava/nio/charset/CoderResult; @ 57
Event: 137.216 Thread 0x00000000023d4800 Uncommon trap: reason=predicate action=maybe_recompile pc=0x00000000030f016c method=java.util.AbstractCollection.toArray([Ljava/lang/Object;)[Ljava/lang/Object; @ 49
Event: 145.034 Thread 0x00000000023d4800 Uncommon trap: reason=array_check action=maybe_recompile pc=0x00000000030f43a0 method=java.util.AbstractCollection.toArray([Ljava/lang/Object;)[Ljava/lang/Object; @ 119
Event: 145.034 Thread 0x00000000023d4800 Uncommon trap: reason=array_check action=maybe_recompile pc=0x00000000030f43a0 method=java.util.AbstractCollection.toArray([Ljava/lang/Object;)[Ljava/lang/Object; @ 119
Event: 145.065 Thread 0x00000000023d4800 Uncommon trap: reason=array_check action=maybe_recompile pc=0x00000000030f43a0 method=java.util.AbstractCollection.toArray([Ljava/lang/Object;)[Ljava/lang/Object; @ 119
Event: 145.197 Thread 0x00000000023d4800 Uncommon trap: reason=array_check action=maybe_recompile pc=0x00000000030f43a0 method=java.util.AbstractCollection.toArray([Ljava/lang/Object;)[Ljava/lang/Object; @ 119

Internal exceptions (10 events):
Event: 161.735 Thread 0x00000000023d4800 Exception <a 'java/net/SocketTimeoutException': Read timed out> (0x00000000ec418948) thrown at [C:\re\workspace\8-2-build-windows-amd64-cygwin\jdk8u51\3951\hotspot\src\share\vm\prims\jni.cpp, line 735]
Event: 161.770 Thread 0x00000000023d4800 Exception <a 'java/net/SocketTimeoutException': Read timed out> (0x00000000ec42c5d0) thrown at [C:\re\workspace\8-2-build-windows-amd64-cygwin\jdk8u51\3951\hotspot\src\share\vm\prims\jni.cpp, line 735]
Event: 161.780 Thread 0x00000000023d4800 Exception <a 'java/net/SocketTimeoutException': Read timed out> (0x00000000ec43de48) thrown at [C:\re\workspace\8-2-build-windows-amd64-cygwin\jdk8u51\3951\hotspot\src\share\vm\prims\jni.cpp, line 735]
Event: 161.786 Thread 0x00000000023d4800 Exception <a 'java/net/SocketTimeoutException': Read timed out> (0x00000000ec44f6d0) thrown at [C:\re\workspace\8-2-build-windows-amd64-cygwin\jdk8u51\3951\hotspot\src\share\vm\prims\jni.cpp, line 735]
Event: 161.794 Thread 0x00000000023d4800 Exception <a 'java/net/SocketTimeoutException': Read timed out> (0x00000000ec4617c0) thrown at [C:\re\workspace\8-2-build-windows-amd64-cygwin\jdk8u51\3951\hotspot\src\share\vm\prims\jni.cpp, line 735]
Event: 161.877 Thread 0x00000000023d4800 Exception <a 'java/net/SocketTimeoutException': Read timed out> (0x00000000ec69f058) thrown at [C:\re\workspace\8-2-build-windows-amd64-cygwin\jdk8u51\3951\hotspot\src\share\vm\prims\jni.cpp, line 735]
Event: 161.895 Thread 0x00000000023d4800 Exception <a 'java/net/SocketTimeoutException': Read timed out> (0x00000000ec6b2f18) thrown at [C:\re\workspace\8-2-build-windows-amd64-cygwin\jdk8u51\3951\hotspot\src\share\vm\prims\jni.cpp, line 735]
Event: 161.907 Thread 0x00000000023d4800 Exception <a 'java/net/SocketTimeoutException': Read timed out> (0x00000000ec6c4790) thrown at [C:\re\workspace\8-2-build-windows-amd64-cygwin\jdk8u51\3951\hotspot\src\share\vm\prims\jni.cpp, line 735]
Event: 161.920 Thread 0x00000000023d4800 Exception <a 'java/net/SocketTimeoutException': Read timed out> (0x00000000ec6d6008) thrown at [C:\re\workspace\8-2-build-windows-amd64-cygwin\jdk8u51\3951\hotspot\src\share\vm\prims\jni.cpp, line 735]
Event: 161.928 Thread 0x00000000023d4800 Exception <a 'java/net/SocketTimeoutException': Read timed out> (0x00000000ec6e80f8) thrown at [C:\re\workspace\8-2-build-windows-amd64-cygwin\jdk8u51\3951\hotspot\src\share\vm\prims\jni.cpp, line 735]

Events (10 events):
Event: 159.159 Thread 0x0000000014ac6800 flushing nmethod 0x0000000002cbe990
Event: 159.159 Thread 0x0000000014ac6800 flushing nmethod 0x0000000002cbfe50
Event: 159.159 Thread 0x0000000014ac6800 flushing nmethod 0x0000000002d07e10
Event: 160.257 Thread 0x0000000014aca800 flushing nmethod 0x0000000002db9ad0
Event: 160.448 Thread 0x0000000014ac2000 flushing nmethod 0x0000000002dbc5d0
Event: 160.448 Thread 0x0000000014ac2000 flushing nmethod 0x0000000002de3c90
Event: 160.448 Thread 0x0000000014ac2000 flushing nmethod 0x0000000002de8ad0
Event: 160.448 Thread 0x0000000014ac2000 flushing nmethod 0x0000000002df8ad0
Event: 161.746 loading class java/util/ArrayList$1
Event: 161.769 loading class java/util/ArrayList$1 done


Dynamic libraries:
0x00007ff6388f0000 - 0x00007ff638927000 	C:\Program Files\Java\jre1.8.0_51\bin\javaw.exe
0x00007ffcc7210000 - 0x00007ffcc73bd000 	C:\Windows\SYSTEM32\ntdll.dll
0x00007ffcc6c80000 - 0x00007ffcc6dbf000 	C:\Windows\system32\KERNEL32.DLL
0x00007ffcc4720000 - 0x00007ffcc4835000 	C:\Windows\system32\KERNELBASE.dll
0x00007ffcc2ad0000 - 0x00007ffcc2b5e000 	C:\Windows\system32\apphelp.dll
0x00007ffcb1040000 - 0x00007ffcb1095000 	C:\Windows\AppPatch\AppPatch64\AcGenral.DLL
0x00007ffcc65c0000 - 0x00007ffcc666a000 	C:\Windows\system32\msvcrt.dll
0x00007ffcc44b0000 - 0x00007ffcc44de000 	C:\Windows\system32\SspiCli.dll
0x00007ffcc7020000 - 0x00007ffcc7074000 	C:\Windows\system32\SHLWAPI.dll
0x00007ffcc6e90000 - 0x00007ffcc7007000 	C:\Windows\system32\USER32.dll
0x00007ffcc6830000 - 0x00007ffcc69c5000 	C:\Windows\system32\ole32.dll
0x00007ffcc4bb0000 - 0x00007ffcc60de000 	C:\Windows\system32\SHELL32.dll
0x00007ffcc38b0000 - 0x00007ffcc38d1000 	C:\Windows\SYSTEM32\USERENV.dll
0x00007ffcc4b00000 - 0x00007ffcc4baa000 	C:\Windows\system32\ADVAPI32.dll
0x00007ffcc6c50000 - 0x00007ffcc6c6e000 	C:\Windows\system32\MPR.dll
0x00007ffcc6480000 - 0x00007ffcc65ba000 	C:\Windows\system32\RPCRT4.dll
0x00007ffcc6420000 - 0x00007ffcc6478000 	C:\Windows\SYSTEM32\sechost.dll
0x00007ffcc6a30000 - 0x00007ffcc6c41000 	C:\Windows\SYSTEM32\combase.dll
0x00007ffcc4950000 - 0x00007ffcc4a9e000 	C:\Windows\system32\GDI32.dll
0x00007ffcc42e0000 - 0x00007ffcc42f5000 	C:\Windows\SYSTEM32\profapi.dll
0x00007ffcc2fd0000 - 0x00007ffcc3082000 	C:\Windows\SYSTEM32\SHCORE.dll
0x00007ffcc4840000 - 0x00007ffcc4876000 	C:\Windows\system32\IMM32.DLL
0x00007ffcc7090000 - 0x00007ffcc71e1000 	C:\Windows\system32\MSCTF.dll
0x00007ffcc1f30000 - 0x00007ffcc21ab000 	C:\Windows\WinSxS\amd64_microsoft.windows.common-controls_6595b64144ccf1df_6.0.9600.19394_none_62486577ecb635cf\COMCTL32.dll
0x00000000652d0000 - 0x00000000653a2000 	C:\Program Files\Java\jre1.8.0_51\bin\msvcr100.dll
0x0000000065480000 - 0x0000000065d03000 	C:\Program Files\Java\jre1.8.0_51\bin\server\jvm.dll
0x00007ffcc62c0000 - 0x00007ffcc62c9000 	C:\Windows\system32\WSOCK32.dll
0x00007ffcbb3d0000 - 0x00007ffcbb3f2000 	C:\Windows\SYSTEM32\WINMM.dll
0x00007ffcc7080000 - 0x00007ffcc708a000 	C:\Windows\system32\VERSION.dll
0x00007ffcc6400000 - 0x00007ffcc6407000 	C:\Windows\system32\PSAPI.DLL
0x00007ffcc4aa0000 - 0x00007ffcc4afa000 	C:\Windows\system32\WS2_32.dll
0x00007ffcbb3a0000 - 0x00007ffcbb3ca000 	C:\Windows\SYSTEM32\WINMMBASE.dll
0x00007ffcc4880000 - 0x00007ffcc4889000 	C:\Windows\system32\NSI.dll
0x00007ffcc4460000 - 0x00007ffcc44af000 	C:\Windows\SYSTEM32\cfgmgr32.dll
0x00007ffcc2d70000 - 0x00007ffcc2d98000 	C:\Windows\SYSTEM32\DEVOBJ.dll
0x0000000065470000 - 0x000000006547f000 	C:\Program Files\Java\jre1.8.0_51\bin\verify.dll
0x0000000065440000 - 0x0000000065469000 	C:\Program Files\Java\jre1.8.0_51\bin\java.dll
0x0000000065420000 - 0x0000000065436000 	C:\Program Files\Java\jre1.8.0_51\bin\zip.dll
0x0000000065400000 - 0x000000006541a000 	C:\Program Files\Java\jre1.8.0_51\bin\net.dll
0x00007ffcc3160000 - 0x00007ffcc3304000 	C:\Windows\system32\mwtsp.dll
0x00007ffcc3090000 - 0x00007ffcc3159000 	C:\Windows\SYSTEM32\WINHTTP.dll
0x00007ffcc3b20000 - 0x00007ffcc3b79000 	C:\Windows\system32\mswsock.dll
0x00007ffcc3920000 - 0x00007ffcc39c4000 	C:\Windows\SYSTEM32\DNSAPI.dll
0x00000000663c0000 - 0x00000000663e6000 	C:\Program Files\Bonjour\mdnsNSP.dll
0x00007ffcbf5a0000 - 0x00007ffcbf5ca000 	C:\Windows\SYSTEM32\Iphlpapi.DLL
0x00007ffcbf590000 - 0x00007ffcbf59a000 	C:\Windows\SYSTEM32\WINNSI.DLL
0x00007ffcbddf0000 - 0x00007ffcbddfa000 	C:\Windows\System32\rasadhlp.dll
0x00007ffcbf3a0000 - 0x00007ffcbf40b000 	C:\Windows\System32\fwpuclnt.dll
0x00007ffcc3b80000 - 0x00007ffcc3ba0000 	C:\Windows\SYSTEM32\CRYPTSP.dll
0x00007ffcc37a0000 - 0x00007ffcc37d6000 	C:\Windows\system32\rsaenh.dll
0x00007ffcc3e10000 - 0x00007ffcc3e36000 	C:\Windows\SYSTEM32\bcrypt.dll
0x00007ffcc40e0000 - 0x00007ffcc4143000 	C:\Windows\system32\bcryptprimitives.dll
0x00007ffcc4250000 - 0x00007ffcc425b000 	C:\Windows\SYSTEM32\CRYPTBASE.dll
0x00007ffcbed30000 - 0x00007ffcbed46000 	C:\Windows\SYSTEM32\dhcpcsvc6.DLL
0x00007ffcbed10000 - 0x00007ffcbed2a000 	C:\Windows\SYSTEM32\dhcpcsvc.DLL
0x00000000653e0000 - 0x00000000653f1000 	C:\Program Files\Java\jre1.8.0_51\bin\nio.dll
0x00007ffcc35c0000 - 0x00007ffcc35f2000 	C:\Windows\SYSTEM32\ntmarta.dll
0x00000000653b0000 - 0x00000000653d4000 	C:\Program Files\Java\jre1.8.0_51\bin\sunec.dll

VM Arguments:
jvm_args: -ea -Dfile.encoding=Cp1252 
java_command: org.testng.remote.RemoteTestNG -serport 63655 -d F:\Sreerag-DATA\Selenium\Workspace\Wrench_Framework\test-output F:\Sreerag-DATA\Selenium\Workspace\Wrench_Framework\src\Wrench Scenario.xml
java_class_path (initial): F:\Sreerag-DATA\Selenium\Workspace\Wrench_Framework\bin;F:\Sreerag-DATA\Software\eclipse\plugins\org.testng.eclipse_6.9.5.201508210528\lib\testng.jar;F:\Sreerag-DATA\Software\eclipse\plugins\org.testng.eclipse_6.9.5.201508210528\lib\jcommander.jar;F:\Sreerag-DATA\Software\eclipse\plugins\org.testng.eclipse_6.9.5.201508210528\lib\bsh-2.0b4.jar;F:\Sreerag-DATA\Software\eclipse\plugins\org.testng.eclipse_6.9.5.201508210528\lib\snakeyaml.jar;F:\Sreerag-DATA\Selenium\Workspace\Wrench_Framework\lib\Selenium_2.46\apache-mime4j-0.6.jar;F:\Sreerag-DATA\Selenium\Workspace\Wrench_Framework\lib\Selenium_2.46\bsh-1.3.0.jar;F:\Sreerag-DATA\Selenium\Workspace\Wrench_Framework\lib\Selenium_2.46\cglib-nodep-2.1_3.jar;F:\Sreerag-DATA\Selenium\Workspace\Wrench_Framework\lib\Selenium_2.46\commons-codec-1.10.jar;F:\Sreerag-DATA\Selenium\Workspace\Wrench_Framework\lib\Selenium_2.46\commons-collections-3.2.1.jar;F:\Sreerag-DATA\Selenium\Workspace\Wrench_Framework\lib\Selenium_2.46\commons-exec-1.3.jar;F:\Sreerag-DATA\Selenium\Workspace\Wrench_Framework\lib\Selenium_2.46\commons-io-2.4.jar;F:\Sreerag-DATA\Selenium\Workspace\Wrench_Framework\lib\Selenium_2.46\commons-lang3-3.4.jar;F:\Sreerag-DATA\Selenium\Workspace\Wrench_Framework\lib\Selenium_2.46\commons-logging-1.1.3.jar;F:\Sreerag-DATA\Selenium\Workspace\Wrench_Framework\lib\Selenium_2.46\cssparser-0.9.16.jar;F:\Sreerag-DATA\Selenium\Workspace\Wrench_Framework\lib\Selenium_2.46\gson-2.3.1.jar;F:\Sreerag-DATA\Selenium\Workspace\Wrench_Framework\lib\Selenium_2.46\guava-18.0.jar;F:\Sreerag-DATA\Selenium\Workspace\Wrench_Framework\lib\Selenium_2.46\hamcrest-core-1.3.jar;F:\Sreerag-DATA\Selenium\Workspace\Wrench_Framework\lib\Selenium_2.46\hamcrest-library-1.3.jar;F:\Sreerag-DATA\Selenium\Workspace\Wrench_Framework\lib\Selenium_2.46\htmlunit-2.17.jar;F:\Sreerag-DATA\Selenium\Workspace\Wrench_Framework\lib\Selenium_2.46\htmlunit-core-js-2.17.jar;F:\Sreerag-DATA\Selenium\Workspace\Wrench_Framework\lib\Selenium_2.4
Launcher Type: SUN_STANDARD

Environment Variables:
JRE_HOME=C:\Program Files\Java\jre1.8.0_51
PATH=C:/Program Files/Java/jre1.8.0_51/bin/server;C:/Program Files/Java/jre1.8.0_51/bin;C:/Program Files/Java/jre1.8.0_51/lib/amd64;C:\Windows\system32;C:\Windows;C:\Windows\system32\Wbem;C:\ProgramData\Oracle\Java\javapath;C:\Windows\System32\WindowsPowerShell\v1.0\;C:\Program Files\Common Files\Autodesk Shared\;C:\Program Files (x86)\QuickTime\QTSystem\;F:\Sreerag-DATA\Software\eclipse;
USERNAME=sreeraag
OS=Windows_NT
PROCESSOR_IDENTIFIER=Intel64 Family 6 Model 60 Stepping 3, GenuineIntel



---------------  S Y S T E M  ---------------

OS: Windows 8.1 , 64 bit Build 9600 (6.3.9600.20062)

CPU:total 4 (4 cores per cpu, 1 threads per core) family 6 model 60 stepping 3, cmov, cx8, fxsr, mmx, sse, sse2, sse3, ssse3, sse4.1, sse4.2, popcnt, avx, avx2, aes, clmul, erms, lzcnt, tsc, tscinvbit, bmi1, bmi2

Memory: 4k page, physical 4088100k(316492k free), swap 7233828k(4704k free)

vm_info: Java HotSpot(TM) 64-Bit Server VM (25.51-b03) for windows-amd64 JRE (1.8.0_51-b16), built on Jun  8 2015 18:03:07 by "java_re" with MS VC++ 10.0 (VS2010)

time: Fri Oct 01 16:55:49 2021
elapsed time: 162 seconds (0d 0h 2m 42s)

