#
# There is insufficient memory for the Java Runtime Environment to continue.
# Native memory allocation (malloc) failed to allocate 32744 bytes for ChunkPool::allocate
# Possible reasons:
#   The system is out of physical RAM or swap space
#   In 32 bit mode, the process size limit was hit
# Possible solutions:
#   Reduce memory load on the system
#   Increase physical memory or swap space
#   Check if swap backing store is full
#   Use 64 bit Java on a 64 bit OS
#   Decrease Java heap size (-Xmx/-Xms)
#   Decrease number of Java threads
#   Decrease Java thread stack sizes (-Xss)
#   Set larger code cache with -XX:ReservedCodeCacheSize=
# This output file may be truncated or incomplete.
#
#  Out of Memory Error (allocation.cpp:273), pid=8604, tid=4260
#
# JRE version: Java(TM) SE Runtime Environment (8.0_51-b16) (build 1.8.0_51-b16)
# Java VM: Java HotSpot(TM) 64-Bit Server VM (25.51-b03 mixed mode windows-amd64 compressed oops)
# Failed to write core dump. Minidumps are not enabled by default on client versions of Windows
#

---------------  T H R E A D  ---------------

Current thread (0x0000000002524800):  JavaThread "main" [_thread_in_vm, id=4260, stack(0x0000000002420000,0x0000000002520000)]

Stack: [0x0000000002420000,0x0000000002520000]
Native frames: (J=compiled Java code, j=interpreted, Vv=VM code, C=native code)
V  [jvm.dll+0x32b4ca]

Java frames: (J=compiled Java code, j=interpreted, Vv=VM code)
v  blob 0x00000000026657ba
J 2547 C2 java.lang.StringBuffer.toString()Ljava/lang/String; (36 bytes) @ 0x0000000002e434a4 [0x0000000002e43060+0x444]
j  org.testng.internal.Utils.stackTrace(Ljava/lang/Throwable;Z)[Ljava/lang/String;+61
j  org.testng.reporters.TestHTMLReporter.generateTable(Ljava/lang/StringBuffer;Ljava/lang/String;Ljava/util/Collection;Ljava/lang/String;Ljava/util/Comparator;)V+634
j  org.testng.reporters.TestHTMLReporter.generateLog(Lorg/testng/ITestContext;Ljava/lang/String;Ljava/lang/String;Ljava/util/Collection;Ljava/util/Collection;Ljava/util/Collection;Ljava/util/Collection;Ljava/util/Collection;Ljava/util/Collection;)V+457
j  org.testng.reporters.TestHTMLReporter.onFinish(Lorg/testng/ITestContext;)V+38
j  org.testng.TestRunner.fireEvent(Z)V+45
j  org.testng.TestRunner.afterRun()V+69
j  org.testng.TestRunner.run()V+30
j  org.testng.SuiteRunner.runTest(Lorg/testng/TestRunner;)V+1
j  org.testng.SuiteRunner.runSequentially()V+31
j  org.testng.SuiteRunner.privateRun()V+281
j  org.testng.SuiteRunner.run()V+6
j  org.testng.SuiteRunnerWorker.runSuite(Lorg/testng/internal/SuiteRunnerMap;Lorg/testng/xml/XmlSuite;)V+89
j  org.testng.SuiteRunnerWorker.run()V+12
j  org.testng.TestNG.runSuitesSequentially(Lorg/testng/xml/XmlSuite;Lorg/testng/internal/SuiteRunnerMap;ILjava/lang/String;)V+66
j  org.testng.TestNG.runSuitesLocally()Ljava/util/List;+143
j  org.testng.TestNG.run()V+77
j  org.testng.remote.RemoteTestNG.run()V+208
j  org.testng.remote.RemoteTestNG.initAndRun([Ljava/lang/String;Lorg/testng/CommandLineArgs;Lorg/testng/remote/RemoteArgs;)V+171
j  org.testng.remote.RemoteTestNG.main([Ljava/lang/String;)V+106
v  ~StubRoutines::call_stub

---------------  P R O C E S S  ---------------

Java Threads: ( => current thread )
  0x000000001877c800 JavaThread "Exec Stream Pumper" daemon [_thread_in_native, id=9060, stack(0x000000001ac40000,0x000000001ad40000)]
  0x0000000019952800 JavaThread "Exec Stream Pumper" daemon [_thread_in_native, id=5956, stack(0x000000001a860000,0x000000001a960000)]
  0x00000000194d2800 JavaThread "Exec Default Executor" daemon [_thread_in_native, id=4124, stack(0x000000001a560000,0x000000001a660000)]
  0x0000000017bcf800 JavaThread "Exec Stream Pumper" daemon [_thread_in_native, id=4856, stack(0x000000001a460000,0x000000001a560000)]
  0x0000000017bcf000 JavaThread "Exec Stream Pumper" daemon [_thread_in_native, id=11916, stack(0x000000001a360000,0x000000001a460000)]
  0x0000000017dca800 JavaThread "Exec Default Executor" daemon [_thread_in_native, id=12308, stack(0x000000001a260000,0x000000001a360000)]
  0x0000000016e5d000 JavaThread "ReaderThread" [_thread_in_native, id=8852, stack(0x00000000176c0000,0x00000000177c0000)]
  0x0000000014c6d800 JavaThread "Service Thread" daemon [_thread_blocked, id=9068, stack(0x0000000016880000,0x0000000016980000)]
  0x0000000014c1c800 JavaThread "C1 CompilerThread2" daemon [_thread_blocked, id=12372, stack(0x0000000016380000,0x0000000016480000)]
  0x0000000014c18000 JavaThread "C2 CompilerThread1" daemon [_thread_blocked, id=5968, stack(0x0000000016280000,0x0000000016380000)]
  0x0000000014c11000 JavaThread "C2 CompilerThread0" daemon [_thread_in_native, id=7328, stack(0x0000000016180000,0x0000000016280000)]
  0x0000000014c0f800 JavaThread "Attach Listener" daemon [_thread_blocked, id=9968, stack(0x0000000016080000,0x0000000016180000)]
  0x0000000014c0e800 JavaThread "Signal Dispatcher" daemon [_thread_blocked, id=12680, stack(0x0000000015f80000,0x0000000016080000)]
  0x000000000261b000 JavaThread "Finalizer" daemon [_thread_blocked, id=5836, stack(0x0000000015e80000,0x0000000015f80000)]
  0x0000000002612000 JavaThread "Reference Handler" daemon [_thread_blocked, id=12380, stack(0x0000000015d80000,0x0000000015e80000)]
=>0x0000000002524800 JavaThread "main" [_thread_in_vm, id=4260, stack(0x0000000002420000,0x0000000002520000)]

Other Threads:
  0x0000000014bd7800 VMThread [stack: 0x0000000015c80000,0x0000000015d80000] [id=11868]
  0x00000000164aa800 WatcherThread [stack: 0x0000000016980000,0x0000000016a80000] [id=12500]

VM state:not at safepoint (normal execution)

VM Mutex/Monitor currently owned by a thread: None

Heap:
 PSYoungGen      total 16896K, used 7899K [0x00000000eb300000, 0x00000000ec680000, 0x0000000100000000)
  eden space 14848K, 49% used [0x00000000eb300000,0x00000000eba2a7e0,0x00000000ec180000)
  from space 2048K, 27% used [0x00000000ec480000,0x00000000ec50c5b8,0x00000000ec680000)
  to   space 2560K, 0% used [0x00000000ec180000,0x00000000ec180000,0x00000000ec400000)
 ParOldGen       total 35328K, used 14669K [0x00000000c1800000, 0x00000000c3a80000, 0x00000000eb300000)
  object space 35328K, 41% used [0x00000000c1800000,0x00000000c26534f0,0x00000000c3a80000)
 Metaspace       used 22546K, capacity 22796K, committed 22960K, reserved 1069056K
  class space    used 2668K, capacity 2747K, committed 2816K, reserved 1048576K

Card table byte_map: [0x00000000119e0000,0x0000000011be0000] byte_map_base: 0x00000000113d4000

Marking Bits: (ParMarkBitMap*) 0x0000000065c84040
 Begin Bits: [0x0000000012130000, 0x00000000130d0000)
 End Bits:   [0x00000000130d0000, 0x0000000014070000)

Polling page: 0x0000000000a90000

CodeCache: size=245760Kb used=12656Kb max_used=12750Kb free=233103Kb
 bounds [0x0000000002620000, 0x00000000032b0000, 0x0000000011620000]
 total_blobs=3941 nmethods=3509 adapters=343
 compilation: enabled

Compilation events (10 events):
Event: 202.877 Thread 0x0000000014c1c800 nmethod 4263 0x00000000027f94d0 code [0x00000000027f9640, 0x00000000027f97c8]
Event: 202.877 Thread 0x0000000014c1c800 4264       3       org.openqa.selenium.remote.http.HttpMessage::getHeader (39 bytes)
Event: 202.877 Thread 0x0000000014c1c800 nmethod 4264 0x0000000002c46990 code [0x0000000002c46b40, 0x0000000002c470d8]
Event: 206.926 Thread 0x0000000014c1c800 4268       3       java.util.LinkedHashMap::entrySet (27 bytes)
Event: 206.926 Thread 0x0000000014c1c800 nmethod 4268 0x0000000002a65790 code [0x0000000002a65920, 0x0000000002a65cd0]
Event: 206.926 Thread 0x0000000014c1c800 4269       3       java.util.LinkedHashMap$LinkedEntrySet::iterator (12 bytes)
Event: 206.926 Thread 0x0000000014c1c800 nmethod 4269 0x0000000002db4210 code [0x0000000002db4380, 0x0000000002db4690]
Event: 206.971 Thread 0x0000000014c1c800 4270       3       java.io.ObjectStreamField::isPrimitive (27 bytes)
Event: 206.972 Thread 0x0000000014c1c800 nmethod 4270 0x0000000002dce9d0 code [0x0000000002dceb60, 0x0000000002dcef28]
Event: 206.993 Thread 0x0000000014c11000 4271       4       java.util.LinkedHashMap::newNode (23 bytes)

GC Heap History (10 events):
Event: 164.884 GC heap before
{Heap before GC invocations=35 (full 1):
 PSYoungGen      total 18432K, used 15528K [0x00000000eb300000, 0x00000000ec880000, 0x0000000100000000)
  eden space 14848K, 100% used [0x00000000eb300000,0x00000000ec180000,0x00000000ec180000)
  from space 3584K, 18% used [0x00000000ec180000,0x00000000ec22a3a8,0x00000000ec500000)
  to   space 3584K, 0% used [0x00000000ec500000,0x00000000ec500000,0x00000000ec880000)
 ParOldGen       total 35328K, used 14525K [0x00000000c1800000, 0x00000000c3a80000, 0x00000000eb300000)
  object space 35328K, 41% used [0x00000000c1800000,0x00000000c262f4f0,0x00000000c3a80000)
 Metaspace       used 22445K, capacity 22732K, committed 22960K, reserved 1069056K
  class space    used 2658K, capacity 2747K, committed 2816K, reserved 1048576K
Event: 164.886 GC heap after
Heap after GC invocations=35 (full 1):
 PSYoungGen      total 17408K, used 663K [0x00000000eb300000, 0x00000000ec780000, 0x0000000100000000)
  eden space 14848K, 0% used [0x00000000eb300000,0x00000000eb300000,0x00000000ec180000)
  from space 2560K, 25% used [0x00000000ec500000,0x00000000ec5a5db0,0x00000000ec780000)
  to   space 3072K, 0% used [0x00000000ec180000,0x00000000ec180000,0x00000000ec480000)
 ParOldGen       total 35328K, used 14557K [0x00000000c1800000, 0x00000000c3a80000, 0x00000000eb300000)
  object space 35328K, 41% used [0x00000000c1800000,0x00000000c26374f0,0x00000000c3a80000)
 Metaspace       used 22445K, capacity 22732K, committed 22960K, reserved 1069056K
  class space    used 2658K, capacity 2747K, committed 2816K, reserved 1048576K
}
Event: 179.474 GC heap before
{Heap before GC invocations=36 (full 1):
 PSYoungGen      total 17408K, used 15310K [0x00000000eb300000, 0x00000000ec780000, 0x0000000100000000)
  eden space 14848K, 98% used [0x00000000eb300000,0x00000000ec14dad8,0x00000000ec180000)
  from space 2560K, 25% used [0x00000000ec500000,0x00000000ec5a5db0,0x00000000ec780000)
  to   space 3072K, 0% used [0x00000000ec180000,0x00000000ec180000,0x00000000ec480000)
 ParOldGen       total 35328K, used 14557K [0x00000000c1800000, 0x00000000c3a80000, 0x00000000eb300000)
  object space 35328K, 41% used [0x00000000c1800000,0x00000000c26374f0,0x00000000c3a80000)
 Metaspace       used 22447K, capacity 22732K, committed 22960K, reserved 1069056K
  class space    used 2658K, capacity 2747K, committed 2816K, reserved 1048576K
Event: 179.476 GC heap after
Heap after GC invocations=36 (full 1):
 PSYoungGen      total 17920K, used 641K [0x00000000eb300000, 0x00000000ec780000, 0x0000000100000000)
  eden space 14848K, 0% used [0x00000000eb300000,0x00000000eb300000,0x00000000ec180000)
  from space 3072K, 20% used [0x00000000ec180000,0x00000000ec2205c8,0x00000000ec480000)
  to   space 3072K, 0% used [0x00000000ec480000,0x00000000ec480000,0x00000000ec780000)
 ParOldGen       total 35328K, used 14589K [0x00000000c1800000, 0x00000000c3a80000, 0x00000000eb300000)
  object space 35328K, 41% used [0x00000000c1800000,0x00000000c263f4f0,0x00000000c3a80000)
 Metaspace       used 22447K, capacity 22732K, committed 22960K, reserved 1069056K
  class space    used 2658K, capacity 2747K, committed 2816K, reserved 1048576K
}
Event: 186.274 GC heap before
{Heap before GC invocations=37 (full 1):
 PSYoungGen      total 17920K, used 15489K [0x00000000eb300000, 0x00000000ec780000, 0x0000000100000000)
  eden space 14848K, 100% used [0x00000000eb300000,0x00000000ec180000,0x00000000ec180000)
  from space 3072K, 20% used [0x00000000ec180000,0x00000000ec2205c8,0x00000000ec480000)
  to   space 3072K, 0% used [0x00000000ec480000,0x00000000ec480000,0x00000000ec780000)
 ParOldGen       total 35328K, used 14589K [0x00000000c1800000, 0x00000000c3a80000, 0x00000000eb300000)
  object space 35328K, 41% used [0x00000000c1800000,0x00000000c263f4f0,0x00000000c3a80000)
 Metaspace       used 22451K, capacity 22732K, committed 22960K, reserved 1069056K
  class space    used 2658K, capacity 2747K, committed 2816K, reserved 1048576K
Event: 186.276 GC heap after
Heap after GC invocations=37 (full 1):
 PSYoungGen      total 17920K, used 545K [0x00000000eb300000, 0x00000000ec780000, 0x0000000100000000)
  eden space 14848K, 0% used [0x00000000eb300000,0x00000000eb300000,0x00000000ec180000)
  from space 3072K, 17% used [0x00000000ec480000,0x00000000ec5085c8,0x00000000ec780000)
  to   space 3072K, 0% used [0x00000000ec180000,0x00000000ec180000,0x00000000ec480000)
 ParOldGen       total 35328K, used 14621K [0x00000000c1800000, 0x00000000c3a80000, 0x00000000eb300000)
  object space 35328K, 41% used [0x00000000c1800000,0x00000000c26474f0,0x00000000c3a80000)
 Metaspace       used 22451K, capacity 22732K, committed 22960K, reserved 1069056K
  class space    used 2658K, capacity 2747K, committed 2816K, reserved 1048576K
}
Event: 198.831 GC heap before
{Heap before GC invocations=38 (full 1):
 PSYoungGen      total 17920K, used 15393K [0x00000000eb300000, 0x00000000ec780000, 0x0000000100000000)
  eden space 14848K, 100% used [0x00000000eb300000,0x00000000ec180000,0x00000000ec180000)
  from space 3072K, 17% used [0x00000000ec480000,0x00000000ec5085c8,0x00000000ec780000)
  to   space 3072K, 0% used [0x00000000ec180000,0x00000000ec180000,0x00000000ec480000)
 ParOldGen       total 35328K, used 14621K [0x00000000c1800000, 0x00000000c3a80000, 0x00000000eb300000)
  object space 35328K, 41% used [0x00000000c1800000,0x00000000c26474f0,0x00000000c3a80000)
 Metaspace       used 22451K, capacity 22732K, committed 22960K, reserved 1069056K
  class space    used 2658K, capacity 2747K, committed 2816K, reserved 1048576K
Event: 198.833 GC heap after
Heap after GC invocations=38 (full 1):
 PSYoungGen      total 17920K, used 992K [0x00000000eb300000, 0x00000000ec780000, 0x0000000100000000)
  eden space 14848K, 0% used [0x00000000eb300000,0x00000000eb300000,0x00000000ec180000)
  from space 3072K, 32% used [0x00000000ec180000,0x00000000ec2783e0,0x00000000ec480000)
  to   space 3072K, 0% used [0x00000000ec480000,0x00000000ec480000,0x00000000ec780000)
 ParOldGen       total 35328K, used 14645K [0x00000000c1800000, 0x00000000c3a80000, 0x00000000eb300000)
  object space 35328K, 41% used [0x00000000c1800000,0x00000000c264d4f0,0x00000000c3a80000)
 Metaspace       used 22451K, capacity 22732K, committed 22960K, reserved 1069056K
  class space    used 2658K, capacity 2747K, committed 2816K, reserved 1048576K
}
Event: 202.574 GC heap before
{Heap before GC invocations=39 (full 1):
 PSYoungGen      total 17920K, used 15783K [0x00000000eb300000, 0x00000000ec780000, 0x0000000100000000)
  eden space 14848K, 99% used [0x00000000eb300000,0x00000000ec1718e8,0x00000000ec180000)
  from space 3072K, 32% used [0x00000000ec180000,0x00000000ec2783e0,0x00000000ec480000)
  to   space 3072K, 0% used [0x00000000ec480000,0x00000000ec480000,0x00000000ec780000)
 ParOldGen       total 35328K, used 14645K [0x00000000c1800000, 0x00000000c3a80000, 0x00000000eb300000)
  object space 35328K, 41% used [0x00000000c1800000,0x00000000c264d4f0,0x00000000c3a80000)
 Metaspace       used 22451K, capacity 22732K, committed 22960K, reserved 1069056K
  class space    used 2658K, capacity 2747K, committed 2816K, reserved 1048576K
Event: 202.578 GC heap after
Heap after GC invocations=39 (full 1):
 PSYoungGen      total 16896K, used 561K [0x00000000eb300000, 0x00000000ec680000, 0x0000000100000000)
  eden space 14848K, 0% used [0x00000000eb300000,0x00000000eb300000,0x00000000ec180000)
  from space 2048K, 27% used [0x00000000ec480000,0x00000000ec50c5b8,0x00000000ec680000)
  to   space 2560K, 0% used [0x00000000ec180000,0x00000000ec180000,0x00000000ec400000)
 ParOldGen       total 35328K, used 14669K [0x00000000c1800000, 0x00000000c3a80000, 0x00000000eb300000)
  object space 35328K, 41% used [0x00000000c1800000,0x00000000c26534f0,0x00000000c3a80000)
 Metaspace       used 22451K, capacity 22732K, committed 22960K, reserved 1069056K
  class space    used 2658K, capacity 2747K, committed 2816K, reserved 1048576K
}

Deoptimization events (10 events):
Event: 140.870 Thread 0x0000000019b89000 Uncommon trap: reason=speculate_class_check action=maybe_recompile pc=0x0000000002d96b68 method=java.nio.charset.CharsetEncoder.encode(Ljava/nio/CharBuffer;Ljava/nio/ByteBuffer;Z)Ljava/nio/charset/CoderResult; @ 57
Event: 140.870 Thread 0x0000000019b89000 Uncommon trap: reason=speculate_class_check action=maybe_recompile pc=0x0000000002d96b68 method=java.nio.charset.CharsetEncoder.encode(Ljava/nio/CharBuffer;Ljava/nio/ByteBuffer;Z)Ljava/nio/charset/CoderResult; @ 57
Event: 145.067 Thread 0x0000000002524800 Uncommon trap: reason=predicate action=maybe_recompile pc=0x0000000003230d2c method=java.util.AbstractCollection.toArray([Ljava/lang/Object;)[Ljava/lang/Object; @ 49
Event: 145.187 Thread 0x0000000002524800 Uncommon trap: reason=array_check action=maybe_recompile pc=0x000000000323d320 method=java.util.AbstractCollection.toArray([Ljava/lang/Object;)[Ljava/lang/Object; @ 119
Event: 145.187 Thread 0x0000000002524800 Uncommon trap: reason=array_check action=maybe_recompile pc=0x000000000323d320 method=java.util.AbstractCollection.toArray([Ljava/lang/Object;)[Ljava/lang/Object; @ 119
Event: 145.187 Thread 0x0000000002524800 Uncommon trap: reason=array_check action=maybe_recompile pc=0x000000000323d320 method=java.util.AbstractCollection.toArray([Ljava/lang/Object;)[Ljava/lang/Object; @ 119
Event: 145.187 Thread 0x0000000002524800 Uncommon trap: reason=array_check action=maybe_recompile pc=0x000000000323d320 method=java.util.AbstractCollection.toArray([Ljava/lang/Object;)[Ljava/lang/Object; @ 119
Event: 206.987 Thread 0x0000000002524800 Uncommon trap: reason=bimorphic action=maybe_recompile pc=0x0000000002db3cb0 method=java.util.AbstractCollection.isEmpty()Z @ 1
Event: 206.993 Thread 0x0000000002524800 Uncommon trap: reason=class_check action=maybe_recompile pc=0x000000000323c504 method=java.util.AbstractCollection.toArray([Ljava/lang/Object;)[Ljava/lang/Object; @ 1
Event: 206.993 Thread 0x0000000002524800 Uncommon trap: reason=class_check action=maybe_recompile pc=0x000000000323c504 method=java.util.AbstractCollection.toArray([Ljava/lang/Object;)[Ljava/lang/Object; @ 1

Internal exceptions (10 events):
Event: 202.645 Thread 0x0000000002524800 Exception <a 'java/net/SocketTimeoutException': Read timed out> (0x00000000eb50cc20) thrown at [C:\re\workspace\8-2-build-windows-amd64-cygwin\jdk8u51\3951\hotspot\src\share\vm\prims\jni.cpp, line 735]
Event: 202.653 Thread 0x0000000002524800 Exception <a 'java/net/SocketTimeoutException': Read timed out> (0x00000000eb51e480) thrown at [C:\re\workspace\8-2-build-windows-amd64-cygwin\jdk8u51\3951\hotspot\src\share\vm\prims\jni.cpp, line 735]
Event: 202.660 Thread 0x0000000002524800 Exception <a 'java/net/SocketTimeoutException': Read timed out> (0x00000000eb530848) thrown at [C:\re\workspace\8-2-build-windows-amd64-cygwin\jdk8u51\3951\hotspot\src\share\vm\prims\jni.cpp, line 735]
Event: 202.868 Thread 0x0000000002524800 Exception <a 'java/net/SocketTimeoutException': Read timed out> (0x00000000eb769f98) thrown at [C:\re\workspace\8-2-build-windows-amd64-cygwin\jdk8u51\3951\hotspot\src\share\vm\prims\jni.cpp, line 735]
Event: 202.869 Thread 0x0000000002524800 Exception <a 'java/net/SocketTimeoutException': Read timed out> (0x00000000eb77b348) thrown at [C:\re\workspace\8-2-build-windows-amd64-cygwin\jdk8u51\3951\hotspot\src\share\vm\prims\jni.cpp, line 735]
Event: 202.871 Thread 0x0000000002524800 Exception <a 'java/net/SocketTimeoutException': Read timed out> (0x00000000eb790c40) thrown at [C:\re\workspace\8-2-build-windows-amd64-cygwin\jdk8u51\3951\hotspot\src\share\vm\prims\jni.cpp, line 735]
Event: 202.886 Thread 0x0000000002524800 Exception <a 'java/net/SocketTimeoutException': Read timed out> (0x00000000eb7a3470) thrown at [C:\re\workspace\8-2-build-windows-amd64-cygwin\jdk8u51\3951\hotspot\src\share\vm\prims\jni.cpp, line 735]
Event: 202.894 Thread 0x0000000002524800 Exception <a 'java/net/SocketTimeoutException': Read timed out> (0x00000000eb7b5ca0) thrown at [C:\re\workspace\8-2-build-windows-amd64-cygwin\jdk8u51\3951\hotspot\src\share\vm\prims\jni.cpp, line 735]
Event: 206.931 Thread 0x0000000002524800 Exception <a 'java/lang/OutOfMemoryError'> (0x00000000eb978278) thrown at [C:\re\workspace\8-2-build-windows-amd64-cygwin\jdk8u51\3951\hotspot\src\share\vm\prims\jni.cpp, line 735]
Event: 206.931 Thread 0x0000000002524800 Exception <a 'java/lang/reflect/InvocationTargetException'> (0x00000000eb9785b8) thrown at [C:\re\workspace\8-2-build-windows-amd64-cygwin\jdk8u51\3951\hotspot\src\share\vm\runtime\reflection.cpp, line 1080]

Events (10 events):
Event: 206.990 loading class sun/util/resources/en/TimeZoneNames_en done
Event: 206.990 loading class sun/util/resources/en/TimeZoneNames_en_US
Event: 206.990 loading class sun/util/resources/en/TimeZoneNames_en_US done
Event: 206.993 Thread 0x0000000002524800 Uncommon trap: trap_request=0xffffffde fr.pc=0x000000000323c504
Event: 206.993 Thread 0x0000000002524800 DEOPT PACKING pc=0x000000000323c504 sp=0x000000000251ece0
Event: 206.993 Thread 0x0000000002524800 DEOPT UNPACKING pc=0x000000000266582a sp=0x000000000251eca8 mode 2
Event: 206.993 Thread 0x0000000002524800 Uncommon trap: trap_request=0xffffffde fr.pc=0x000000000323c504
Event: 206.993 Thread 0x0000000002524800 DEOPT PACKING pc=0x000000000323c504 sp=0x000000000251ece0
Event: 206.993 Thread 0x0000000002524800 DEOPT UNPACKING pc=0x000000000266582a sp=0x000000000251eca8 mode 2
Event: 206.994 Thread 0x0000000002524800 Uncommon trap: trap_request=0xffffff65 fr.pc=0x0000000002e434a4


Dynamic libraries:
0x00007ff7b3500000 - 0x00007ff7b3537000 	C:\Program Files\Java\jre1.8.0_51\bin\javaw.exe
0x00007ffcc7210000 - 0x00007ffcc73bd000 	C:\Windows\SYSTEM32\ntdll.dll
0x00007ffcc6c80000 - 0x00007ffcc6dbf000 	C:\Windows\system32\KERNEL32.DLL
0x00007ffcc4720000 - 0x00007ffcc4835000 	C:\Windows\system32\KERNELBASE.dll
0x00007ffcc2ad0000 - 0x00007ffcc2b5e000 	C:\Windows\system32\apphelp.dll
0x00007ffca8e30000 - 0x00007ffca8e85000 	C:\Windows\AppPatch\AppPatch64\AcGenral.DLL
0x00007ffcc65c0000 - 0x00007ffcc666a000 	C:\Windows\system32\msvcrt.dll
0x00007ffcc44b0000 - 0x00007ffcc44de000 	C:\Windows\system32\SspiCli.dll
0x00007ffcc7020000 - 0x00007ffcc7074000 	C:\Windows\system32\SHLWAPI.dll
0x00007ffcc6e90000 - 0x00007ffcc7007000 	C:\Windows\system32\USER32.dll
0x00007ffcc6830000 - 0x00007ffcc69c5000 	C:\Windows\system32\ole32.dll
0x00007ffcc4bb0000 - 0x00007ffcc60de000 	C:\Windows\system32\SHELL32.dll
0x00007ffcc38b0000 - 0x00007ffcc38d1000 	C:\Windows\SYSTEM32\USERENV.dll
0x00007ffcc4b00000 - 0x00007ffcc4baa000 	C:\Windows\system32\ADVAPI32.dll
0x00007ffcc6c50000 - 0x00007ffcc6c6e000 	C:\Windows\system32\MPR.dll
0x00007ffcc6480000 - 0x00007ffcc65ba000 	C:\Windows\system32\RPCRT4.dll
0x00007ffcc6420000 - 0x00007ffcc6478000 	C:\Windows\SYSTEM32\sechost.dll
0x00007ffcc6a30000 - 0x00007ffcc6c41000 	C:\Windows\SYSTEM32\combase.dll
0x00007ffcc4950000 - 0x00007ffcc4a9e000 	C:\Windows\system32\GDI32.dll
0x00007ffcc42e0000 - 0x00007ffcc42f5000 	C:\Windows\SYSTEM32\profapi.dll
0x00007ffcc2fd0000 - 0x00007ffcc3082000 	C:\Windows\SYSTEM32\SHCORE.dll
0x00007ffcc4840000 - 0x00007ffcc4876000 	C:\Windows\system32\IMM32.DLL
0x00007ffcc7090000 - 0x00007ffcc71e1000 	C:\Windows\system32\MSCTF.dll
0x00007ffcc1f30000 - 0x00007ffcc21ab000 	C:\Windows\WinSxS\amd64_microsoft.windows.common-controls_6595b64144ccf1df_6.0.9600.19394_none_62486577ecb635cf\COMCTL32.dll
0x00000000652d0000 - 0x00000000653a2000 	C:\Program Files\Java\jre1.8.0_51\bin\msvcr100.dll
0x0000000065480000 - 0x0000000065d03000 	C:\Program Files\Java\jre1.8.0_51\bin\server\jvm.dll
0x00007ffcc62c0000 - 0x00007ffcc62c9000 	C:\Windows\system32\WSOCK32.dll
0x00007ffcbb3d0000 - 0x00007ffcbb3f2000 	C:\Windows\SYSTEM32\WINMM.dll
0x00007ffcc7080000 - 0x00007ffcc708a000 	C:\Windows\system32\VERSION.dll
0x00007ffcc6400000 - 0x00007ffcc6407000 	C:\Windows\system32\PSAPI.DLL
0x00007ffcc4aa0000 - 0x00007ffcc4afa000 	C:\Windows\system32\WS2_32.dll
0x00007ffcbb3a0000 - 0x00007ffcbb3ca000 	C:\Windows\SYSTEM32\WINMMBASE.dll
0x00007ffcc4880000 - 0x00007ffcc4889000 	C:\Windows\system32\NSI.dll
0x00007ffcc4460000 - 0x00007ffcc44af000 	C:\Windows\SYSTEM32\cfgmgr32.dll
0x00007ffcc2d70000 - 0x00007ffcc2d98000 	C:\Windows\SYSTEM32\DEVOBJ.dll
0x0000000065470000 - 0x000000006547f000 	C:\Program Files\Java\jre1.8.0_51\bin\verify.dll
0x0000000065440000 - 0x0000000065469000 	C:\Program Files\Java\jre1.8.0_51\bin\java.dll
0x0000000065420000 - 0x0000000065436000 	C:\Program Files\Java\jre1.8.0_51\bin\zip.dll
0x0000000065400000 - 0x000000006541a000 	C:\Program Files\Java\jre1.8.0_51\bin\net.dll
0x00007ffcc3160000 - 0x00007ffcc3304000 	C:\Windows\system32\mwtsp.dll
0x00007ffcc3090000 - 0x00007ffcc3159000 	C:\Windows\SYSTEM32\WINHTTP.dll
0x00007ffcc3b20000 - 0x00007ffcc3b79000 	C:\Windows\system32\mswsock.dll
0x00007ffcc3920000 - 0x00007ffcc39c4000 	C:\Windows\SYSTEM32\DNSAPI.dll
0x00000000663c0000 - 0x00000000663e6000 	C:\Program Files\Bonjour\mdnsNSP.dll
0x00007ffcbf5a0000 - 0x00007ffcbf5ca000 	C:\Windows\SYSTEM32\Iphlpapi.DLL
0x00007ffcbf590000 - 0x00007ffcbf59a000 	C:\Windows\SYSTEM32\WINNSI.DLL
0x00007ffcbddf0000 - 0x00007ffcbddfa000 	C:\Windows\System32\rasadhlp.dll
0x00007ffcbf3a0000 - 0x00007ffcbf40b000 	C:\Windows\System32\fwpuclnt.dll
0x00007ffcc3b80000 - 0x00007ffcc3ba0000 	C:\Windows\SYSTEM32\CRYPTSP.dll
0x00007ffcc37a0000 - 0x00007ffcc37d6000 	C:\Windows\system32\rsaenh.dll
0x00007ffcc3e10000 - 0x00007ffcc3e36000 	C:\Windows\SYSTEM32\bcrypt.dll
0x00007ffcc40e0000 - 0x00007ffcc4143000 	C:\Windows\system32\bcryptprimitives.dll
0x00007ffcc4250000 - 0x00007ffcc425b000 	C:\Windows\SYSTEM32\CRYPTBASE.dll
0x00007ffcbed30000 - 0x00007ffcbed46000 	C:\Windows\SYSTEM32\dhcpcsvc6.DLL
0x00007ffcbed10000 - 0x00007ffcbed2a000 	C:\Windows\SYSTEM32\dhcpcsvc.DLL
0x00000000653e0000 - 0x00000000653f1000 	C:\Program Files\Java\jre1.8.0_51\bin\nio.dll
0x00007ffcc35c0000 - 0x00007ffcc35f2000 	C:\Windows\SYSTEM32\ntmarta.dll
0x00000000653b0000 - 0x00000000653d4000 	C:\Program Files\Java\jre1.8.0_51\bin\sunec.dll

VM Arguments:
jvm_args: -ea -Dfile.encoding=Cp1252 
java_command: org.testng.remote.RemoteTestNG -serport 58931 -d F:\Sreerag-DATA\Selenium\Workspace\Wrench_Framework\test-output F:\Sreerag-DATA\Selenium\Workspace\Wrench_Framework\src\Wrench Scenario.xml
java_class_path (initial): F:\Sreerag-DATA\Selenium\Workspace\Wrench_Framework\bin;F:\Sreerag-DATA\Software\eclipse\plugins\org.testng.eclipse_6.9.5.201508210528\lib\testng.jar;F:\Sreerag-DATA\Software\eclipse\plugins\org.testng.eclipse_6.9.5.201508210528\lib\jcommander.jar;F:\Sreerag-DATA\Software\eclipse\plugins\org.testng.eclipse_6.9.5.201508210528\lib\bsh-2.0b4.jar;F:\Sreerag-DATA\Software\eclipse\plugins\org.testng.eclipse_6.9.5.201508210528\lib\snakeyaml.jar;F:\Sreerag-DATA\Selenium\Workspace\Wrench_Framework\lib\Selenium_2.46\apache-mime4j-0.6.jar;F:\Sreerag-DATA\Selenium\Workspace\Wrench_Framework\lib\Selenium_2.46\bsh-1.3.0.jar;F:\Sreerag-DATA\Selenium\Workspace\Wrench_Framework\lib\Selenium_2.46\cglib-nodep-2.1_3.jar;F:\Sreerag-DATA\Selenium\Workspace\Wrench_Framework\lib\Selenium_2.46\commons-codec-1.10.jar;F:\Sreerag-DATA\Selenium\Workspace\Wrench_Framework\lib\Selenium_2.46\commons-collections-3.2.1.jar;F:\Sreerag-DATA\Selenium\Workspace\Wrench_Framework\lib\Selenium_2.46\commons-exec-1.3.jar;F:\Sreerag-DATA\Selenium\Workspace\Wrench_Framework\lib\Selenium_2.46\commons-io-2.4.jar;F:\Sreerag-DATA\Selenium\Workspace\Wrench_Framework\lib\Selenium_2.46\commons-lang3-3.4.jar;F:\Sreerag-DATA\Selenium\Workspace\Wrench_Framework\lib\Selenium_2.46\commons-logging-1.1.3.jar;F:\Sreerag-DATA\Selenium\Workspace\Wrench_Framework\lib\Selenium_2.46\cssparser-0.9.16.jar;F:\Sreerag-DATA\Selenium\Workspace\Wrench_Framework\lib\Selenium_2.46\gson-2.3.1.jar;F:\Sreerag-DATA\Selenium\Workspace\Wrench_Framework\lib\Selenium_2.46\guava-18.0.jar;F:\Sreerag-DATA\Selenium\Workspace\Wrench_Framework\lib\Selenium_2.46\hamcrest-core-1.3.jar;F:\Sreerag-DATA\Selenium\Workspace\Wrench_Framework\lib\Selenium_2.46\hamcrest-library-1.3.jar;F:\Sreerag-DATA\Selenium\Workspace\Wrench_Framework\lib\Selenium_2.46\htmlunit-2.17.jar;F:\Sreerag-DATA\Selenium\Workspace\Wrench_Framework\lib\Selenium_2.46\htmlunit-core-js-2.17.jar;F:\Sreerag-DATA\Selenium\Workspace\Wrench_Framework\lib\Selenium_2.4
Launcher Type: SUN_STANDARD

Environment Variables:
JRE_HOME=C:\Program Files\Java\jre1.8.0_51
PATH=C:/Program Files/Java/jre1.8.0_51/bin/server;C:/Program Files/Java/jre1.8.0_51/bin;C:/Program Files/Java/jre1.8.0_51/lib/amd64;C:\Windows\system32;C:\Windows;C:\Windows\system32\Wbem;C:\ProgramData\Oracle\Java\javapath;C:\Windows\System32\WindowsPowerShell\v1.0\;C:\Program Files\Common Files\Autodesk Shared\;C:\Program Files (x86)\QuickTime\QTSystem\;F:\Sreerag-DATA\Software\eclipse;
USERNAME=sreeraag
OS=Windows_NT
PROCESSOR_IDENTIFIER=Intel64 Family 6 Model 60 Stepping 3, GenuineIntel



---------------  S Y S T E M  ---------------

OS: Windows 8.1 , 64 bit Build 9600 (6.3.9600.20062)

CPU:total 4 (4 cores per cpu, 1 threads per core) family 6 model 60 stepping 3, cmov, cx8, fxsr, mmx, sse, sse2, sse3, ssse3, sse4.1, sse4.2, popcnt, avx, avx2, aes, clmul, erms, lzcnt, tsc, tscinvbit, bmi1, bmi2

Memory: 4k page, physical 4088100k(298120k free), swap 7233828k(4224k free)

vm_info: Java HotSpot(TM) 64-Bit Server VM (25.51-b03) for windows-amd64 JRE (1.8.0_51-b16), built on Jun  8 2015 18:03:07 by "java_re" with MS VC++ 10.0 (VS2010)

time: Fri Oct 01 15:57:02 2021
elapsed time: 207 seconds (0d 0h 3m 27s)

